2026-03-13 15:04:17 [main] INFO  bank.producer.Producer - Starting Producer v1.0.0 using Java 17.0.18 with PID 1 (/app.jar started by root in /)
2026-03-13 15:04:17 [main] INFO  bank.producer.Producer - The following 1 profile is active: "docker"
2026-03-13 15:04:19 [main] INFO  o.s.d.r.c.RepositoryConfigurationDelegate - Bootstrapping Spring Data JPA repositories in DEFAULT mode.
2026-03-13 15:04:20 [main] INFO  o.s.d.r.c.RepositoryConfigurationDelegate - Finished Spring Data repository scanning in 64 ms. Found 1 JPA repository interface.
2026-03-13 15:04:21 [main] INFO  o.s.b.w.e.tomcat.TomcatWebServer - Tomcat initialized with port 8080 (http)
2026-03-13 15:04:21 [main] INFO  o.a.coyote.http11.Http11NioProtocol - Initializing ProtocolHandler ["http-nio-8080"]
2026-03-13 15:04:21 [main] INFO  o.a.catalina.core.StandardService - Starting service [Tomcat]
2026-03-13 15:04:21 [main] INFO  o.a.catalina.core.StandardEngine - Starting Servlet engine: [Apache Tomcat/10.1.26]
2026-03-13 15:04:21 [main] INFO  o.a.c.c.C.[Tomcat].[localhost].[/] - Initializing Spring embedded WebApplicationContext
2026-03-13 15:04:21 [main] INFO  o.s.b.w.s.c.ServletWebServerApplicationContext - Root WebApplicationContext: initialization completed in 3592 ms
2026-03-13 15:04:22 [main] INFO  o.h.jpa.internal.util.LogHelper - HHH000204: Processing PersistenceUnitInfo [name: default]
2026-03-13 15:04:22 [main] INFO  org.hibernate.Version - HHH000412: Hibernate ORM core version 6.5.2.Final
2026-03-13 15:04:22 [main] INFO  o.h.c.i.RegionFactoryInitiator - HHH000026: Second-level cache disabled
2026-03-13 15:04:24 [main] INFO  o.s.o.j.p.SpringPersistenceUnitInfo - No LoadTimeWeaver setup: ignoring JPA class transformer
2026-03-13 15:04:24 [main] INFO  com.zaxxer.hikari.HikariDataSource - HikariPool-1 - Starting...
2026-03-13 15:04:24 [main] INFO  com.zaxxer.hikari.pool.HikariPool - HikariPool-1 - Added connection org.postgresql.jdbc.PgConnection@7de5871d
2026-03-13 15:04:24 [main] INFO  com.zaxxer.hikari.HikariDataSource - HikariPool-1 - Start completed.
2026-03-13 15:04:26 [main] INFO  o.h.e.t.j.p.i.JtaPlatformInitiator - HHH000489: No JTA platform available (set 'hibernate.transaction.jta.platform' to enable JTA platform integration)
2026-03-13 15:04:26 [main] INFO  o.s.o.j.LocalContainerEntityManagerFactoryBean - Initialized JPA EntityManagerFactory for persistence unit 'default'
2026-03-13 15:04:27 [main] INFO  b.producer.service.AccountService - Creating 1000 accounts...
2026-03-13 15:04:32 [main] INFO  b.producer.service.AccountService - Accounts loaded: 1000
2026-03-13 15:04:32 [main] WARN  o.s.b.a.o.j.JpaBaseConfiguration$JpaWebConfiguration - spring.jpa.open-in-view is enabled by default. Therefore, database queries may be performed during view rendering. Explicitly configure spring.jpa.open-in-view to disable this warning
2026-03-13 15:04:32 [main] INFO  o.a.coyote.http11.Http11NioProtocol - Starting ProtocolHandler ["http-nio-8080"]
2026-03-13 15:04:32 [main] INFO  o.s.b.w.e.tomcat.TomcatWebServer - Tomcat started on port 8080 (http) with context path '/'
2026-03-13 15:04:32 [main] INFO  bank.producer.Producer - Started Producer in 16.753 seconds (process running for 17.824)
2026-03-13 15:04:32 [scheduling-1] INFO  o.a.k.c.producer.ProducerConfig - ProducerConfig values: 
	acks = -1
	auto.include.jmx.reporter = true
	batch.size = 16384
	bootstrap.servers = [kafka1:9092, kafka2:9093, kafka3:9094]
	buffer.memory = 33554432
	client.dns.lookup = use_all_dns_ips
	client.id = producer-1
	compression.type = none
	connections.max.idle.ms = 540000
	delivery.timeout.ms = 120000
	enable.idempotence = true
	enable.metrics.push = true
	interceptor.classes = []
	key.serializer = class org.apache.kafka.common.serialization.StringSerializer
	linger.ms = 0
	max.block.ms = 60000
	max.in.flight.requests.per.connection = 5
	max.request.size = 1048576
	metadata.max.age.ms = 300000
	metadata.max.idle.ms = 300000
	metric.reporters = []
	metrics.num.samples = 2
	metrics.recording.level = INFO
	metrics.sample.window.ms = 30000
	partitioner.adaptive.partitioning.enable = true
	partitioner.availability.timeout.ms = 0
	partitioner.class = null
	partitioner.ignore.keys = false
	receive.buffer.bytes = 32768
	reconnect.backoff.max.ms = 1000
	reconnect.backoff.ms = 50
	request.timeout.ms = 30000
	retries = 3
	retry.backoff.max.ms = 1000
	retry.backoff.ms = 100
	sasl.client.callback.handler.class = null
	sasl.jaas.config = null
	sasl.kerberos.kinit.cmd = /usr/bin/kinit
	sasl.kerberos.min.time.before.relogin = 60000
	sasl.kerberos.service.name = null
	sasl.kerberos.ticket.renew.jitter = 0.05
	sasl.kerberos.ticket.renew.window.factor = 0.8
	sasl.login.callback.handler.class = null
	sasl.login.class = null
	sasl.login.connect.timeout.ms = null
	sasl.login.read.timeout.ms = null
	sasl.login.refresh.buffer.seconds = 300
	sasl.login.refresh.min.period.seconds = 60
	sasl.login.refresh.window.factor = 0.8
	sasl.login.refresh.window.jitter = 0.05
	sasl.login.retry.backoff.max.ms = 10000
	sasl.login.retry.backoff.ms = 100
	sasl.mechanism = GSSAPI
	sasl.oauthbearer.clock.skew.seconds = 30
	sasl.oauthbearer.expected.audience = null
	sasl.oauthbearer.expected.issuer = null
	sasl.oauthbearer.jwks.endpoint.refresh.ms = 3600000
	sasl.oauthbearer.jwks.endpoint.retry.backoff.max.ms = 10000
	sasl.oauthbearer.jwks.endpoint.retry.backoff.ms = 100
	sasl.oauthbearer.jwks.endpoint.url = null
	sasl.oauthbearer.scope.claim.name = scope
	sasl.oauthbearer.sub.claim.name = sub
	sasl.oauthbearer.token.endpoint.url = null
	security.protocol = PLAINTEXT
	security.providers = null
	send.buffer.bytes = 131072
	socket.connection.setup.timeout.max.ms = 30000
	socket.connection.setup.timeout.ms = 10000
	ssl.cipher.suites = null
	ssl.enabled.protocols = [TLSv1.2, TLSv1.3]
	ssl.endpoint.identification.algorithm = https
	ssl.engine.factory.class = null
	ssl.key.password = null
	ssl.keymanager.algorithm = SunX509
	ssl.keystore.certificate.chain = null
	ssl.keystore.key = null
	ssl.keystore.location = null
	ssl.keystore.password = null
	ssl.keystore.type = JKS
	ssl.protocol = TLSv1.3
	ssl.provider = null
	ssl.secure.random.implementation = null
	ssl.trustmanager.algorithm = PKIX
	ssl.truststore.certificates = null
	ssl.truststore.location = null
	ssl.truststore.password = null
	ssl.truststore.type = JKS
	transaction.timeout.ms = 60000
	transactional.id = null
	value.serializer = class org.springframework.kafka.support.serializer.JsonSerializer

2026-03-13 15:04:32 [scheduling-1] INFO  o.a.k.c.t.i.KafkaMetricsCollector - initializing Kafka metrics collector
2026-03-13 15:04:32 [scheduling-1] INFO  o.a.k.clients.producer.KafkaProducer - [Producer clientId=producer-1] Instantiated an idempotent producer.
2026-03-13 15:04:32 [scheduling-1] INFO  o.a.kafka.common.utils.AppInfoParser - Kafka version: 3.7.1
2026-03-13 15:04:32 [scheduling-1] INFO  o.a.kafka.common.utils.AppInfoParser - Kafka commitId: e2494e6ffb89f828
2026-03-13 15:04:32 [scheduling-1] INFO  o.a.kafka.common.utils.AppInfoParser - Kafka startTimeMs: 1773414272844
2026-03-13 15:04:33 [kafka-producer-network-thread | producer-1] INFO  org.apache.kafka.clients.Metadata - [Producer clientId=producer-1] Cluster ID: D_M9PBG9TQaSkE3GlL9jkg
2026-03-13 15:04:33 [kafka-producer-network-thread | producer-1] INFO  o.a.k.c.p.i.TransactionManager - [Producer clientId=producer-1] ProducerId set to 0 with epoch 0
2026-03-13 15:04:33 [scheduling-1] INFO  b.p.scheduler.TransferScheduler - Sent transfer b76d92de-9aef-4982-bb24-16f680b771da
2026-03-13 15:04:33 [scheduling-1] INFO  b.p.scheduler.TransferScheduler - Sent transfer 09a6a8d4-caa5-4b7e-9b66-9ebde099639d
2026-03-13 15:04:33 [scheduling-1] INFO  b.p.scheduler.TransferScheduler - Sent transfer 114c00c9-f62c-47ab-b53c-82459d93571a
2026-03-13 15:04:33 [scheduling-1] INFO  b.p.scheduler.TransferScheduler - Sent transfer 0c69523d-dec5-4153-b3bf-940be8740c43
2026-03-13 15:04:33 [scheduling-1] INFO  b.p.scheduler.TransferScheduler - Sent transfer bf1cca43-a7cc-4076-b56d-92de8cf0d5b1
2026-03-13 15:04:34 [scheduling-1] INFO  b.p.scheduler.TransferScheduler - Sent transfer e2f21f0e-58db-408f-adee-3c69206a3fe4
2026-03-13 15:04:34 [scheduling-1] INFO  b.p.scheduler.TransferScheduler - Sent transfer b7896127-3797-4886-a017-fcc301445fef
2026-03-13 15:04:34 [scheduling-1] INFO  b.p.scheduler.TransferScheduler - Sent transfer b4d646eb-8b80-4074-9929-c5e2285458c8
2026-03-13 15:04:34 [scheduling-1] INFO  b.p.scheduler.TransferScheduler - Sent transfer 48b4144e-af53-47f6-ba50-f2cd197b97fe
2026-03-13 15:04:34 [scheduling-1] INFO  b.p.scheduler.TransferScheduler - Sent transfer 7cb8b4fa-8f78-4349-be4a-ee2842b6c5f8
2026-03-13 15:04:35 [scheduling-1] INFO  b.p.scheduler.TransferScheduler - Sent transfer fa4b13f5-50e1-424f-baa4-65f18700a447
2026-03-13 15:04:35 [scheduling-1] INFO  b.p.scheduler.TransferScheduler - Sent transfer 2e1a2a21-0aff-4610-9155-c650d2a59015
2026-03-13 15:04:35 [scheduling-1] INFO  b.p.scheduler.TransferScheduler - Sent transfer c2064d1b-82a3-47df-9f33-dc55eb8255cd
2026-03-13 15:04:35 [scheduling-1] INFO  b.p.scheduler.TransferScheduler - Sent transfer 95552494-3d75-4c25-843a-fd99483928a4
2026-03-13 15:04:35 [scheduling-1] INFO  b.p.scheduler.TransferScheduler - Sent transfer 9639181b-4d03-4a45-b3fb-373bcf682335
2026-03-13 15:04:36 [scheduling-1] INFO  b.p.scheduler.TransferScheduler - Sent transfer a4428791-93e3-4a0a-8b85-5f461852a985
2026-03-13 15:04:36 [scheduling-1] INFO  b.p.scheduler.TransferScheduler - Sent transfer d5d67b01-7ea2-4601-b345-023cb8fc056a
2026-03-13 15:04:36 [scheduling-1] INFO  b.p.scheduler.TransferScheduler - Sent transfer fb2aa27d-8863-4907-b12a-aa79efbed242
2026-03-13 15:04:36 [scheduling-1] INFO  b.p.scheduler.TransferScheduler - Sent transfer 6df96ad1-417b-46bd-802b-952adb81387a
2026-03-13 15:04:36 [scheduling-1] INFO  b.p.scheduler.TransferScheduler - Sent transfer cd263937-d0e4-4ba8-ae3d-c6770db1f31d
2026-03-13 15:04:37 [scheduling-1] INFO  b.p.scheduler.TransferScheduler - Sent transfer 1fe1f026-6b93-4169-bd93-a8e28e7a5095
2026-03-13 15:04:37 [scheduling-1] INFO  b.p.scheduler.TransferScheduler - Sent transfer 8c33fafd-86ac-44d9-a8e8-8ee50c008d4f
2026-03-13 15:04:37 [scheduling-1] INFO  b.p.scheduler.TransferScheduler - Sent transfer 548d21e4-cec4-4aa1-9276-e8bec46a976e
2026-03-13 15:04:37 [scheduling-1] INFO  b.p.scheduler.TransferScheduler - Sent transfer d6735408-a6f5-4927-b751-207d377aa2b7
2026-03-13 15:04:37 [scheduling-1] INFO  b.p.scheduler.TransferScheduler - Sent transfer 7fb05c7b-f854-44f2-b4dd-0ef388880420
2026-03-13 15:04:38 [scheduling-1] INFO  b.p.scheduler.TransferScheduler - Sent transfer 6bac3fdd-9823-48e3-8fa0-195aae1a6bd2
2026-03-13 15:04:38 [scheduling-1] INFO  b.p.scheduler.TransferScheduler - Sent transfer cf0c2e25-5e54-42d9-82be-381437b553da
2026-03-13 15:04:38 [scheduling-1] INFO  b.p.scheduler.TransferScheduler - Sent transfer 13af9026-db25-4fdb-9656-54c43791ca7f
2026-03-13 15:04:38 [scheduling-1] INFO  b.p.scheduler.TransferScheduler - Sent transfer 1335d6e2-c78a-41e7-a5fd-376a9196f82e
2026-03-13 15:04:38 [scheduling-1] INFO  b.p.scheduler.TransferScheduler - Sent transfer dbd345b0-d6a6-4246-b6b9-1b91d18b1438
2026-03-13 15:04:39 [scheduling-1] INFO  b.p.scheduler.TransferScheduler - Sent transfer 73874a96-5491-42d9-bcf7-1f603719de74
2026-03-13 15:04:39 [scheduling-1] INFO  b.p.scheduler.TransferScheduler - Sent transfer e7abe3e7-68a1-4e31-8408-1143c12cde66
2026-03-13 15:04:39 [scheduling-1] INFO  b.p.scheduler.TransferScheduler - Sent transfer 4e3df1cd-2266-4fd3-ba01-3f93082913f8
2026-03-13 15:04:39 [scheduling-1] INFO  b.p.scheduler.TransferScheduler - Sent transfer 3e720385-e0b0-47f6-aedf-0f64434d018c
2026-03-13 15:04:39 [scheduling-1] INFO  b.p.scheduler.TransferScheduler - Sent transfer 906b9bda-3b6b-4051-9be5-d1d5518b13f7
2026-03-13 15:04:40 [scheduling-1] INFO  b.p.scheduler.TransferScheduler - Sent transfer 18a51148-76e7-407c-96d3-6ffeecbff3f6
2026-03-13 15:04:40 [scheduling-1] INFO  b.p.scheduler.TransferScheduler - Sent transfer b5c48bfa-5644-4451-84e6-ca7981bf53d0
2026-03-13 15:04:40 [scheduling-1] INFO  b.p.scheduler.TransferScheduler - Sent transfer fbec9b3d-b40a-4512-ba27-d3ce76b4a27a
2026-03-13 15:04:40 [scheduling-1] INFO  b.p.scheduler.TransferScheduler - Sent transfer 7de42405-9586-493e-b486-14ac2a8315c6
2026-03-13 15:04:40 [scheduling-1] INFO  b.p.scheduler.TransferScheduler - Sent transfer 7cabab7d-baa0-4f74-a67d-e2cc117e1b9e
2026-03-13 15:04:41 [scheduling-1] INFO  b.p.scheduler.TransferScheduler - Sent transfer cff1cdae-565b-4ae5-8069-3de78f9138c7
2026-03-13 15:04:41 [scheduling-1] INFO  b.p.scheduler.TransferScheduler - Sent transfer 955aff0a-4cd8-45e5-8310-97fdd6bf440b
2026-03-13 15:04:41 [scheduling-1] INFO  b.p.scheduler.TransferScheduler - Sent transfer 604d7a84-94f9-4492-b155-aadc26369a2e
2026-03-13 15:04:41 [scheduling-1] INFO  b.p.scheduler.TransferScheduler - Sent transfer f6ba6da0-005a-4852-8b3c-edf19550c319
2026-03-13 15:04:42 [scheduling-1] INFO  b.p.scheduler.TransferScheduler - Sent transfer 97a6487b-810f-4331-af50-03765bd84db0
2026-03-13 15:04:42 [scheduling-1] INFO  b.p.scheduler.TransferScheduler - Sent transfer 6418f631-7e9a-4db3-bdfa-e33146747e7d
2026-03-13 15:04:42 [scheduling-1] INFO  b.p.scheduler.TransferScheduler - Sent transfer f628a81c-2d8d-49bc-9d5b-2c5ee3f81791
2026-03-13 15:04:42 [scheduling-1] INFO  b.p.scheduler.TransferScheduler - Sent transfer 48fd8e44-2150-432f-a15e-f52872629489
2026-03-13 15:04:42 [scheduling-1] INFO  b.p.scheduler.TransferScheduler - Sent transfer c09b6938-2a26-4e19-9908-a7c343a8b3b4
2026-03-13 15:04:43 [scheduling-1] INFO  b.p.scheduler.TransferScheduler - Sent transfer 9d75b4df-16ce-4a20-bb3a-c362b481607b
2026-03-13 15:04:43 [scheduling-1] INFO  b.p.scheduler.TransferScheduler - Sent transfer c3d5c700-ed55-42d0-9408-3ad70f589ca1
2026-03-13 15:04:43 [scheduling-1] INFO  b.p.scheduler.TransferScheduler - Sent transfer 4b75d3a6-ab8d-460b-8619-f8b17df51c63
2026-03-13 15:04:43 [scheduling-1] INFO  b.p.scheduler.TransferScheduler - Sent transfer 53be7955-91f5-4184-beea-4dad8e053aa3
2026-03-13 15:04:43 [scheduling-1] INFO  b.p.scheduler.TransferScheduler - Sent transfer 33cc79f2-198e-42b2-9b05-b821a7d9606f
2026-03-13 15:04:44 [scheduling-1] INFO  b.p.scheduler.TransferScheduler - Sent transfer 536709a6-ad51-4f4b-bba4-c570620cdab9
2026-03-13 15:04:44 [scheduling-1] INFO  b.p.scheduler.TransferScheduler - Sent transfer 95bfd79c-6c76-4f41-95e8-972221fe791d
2026-03-13 15:04:44 [scheduling-1] INFO  b.p.scheduler.TransferScheduler - Sent transfer 6fe9b5c2-0251-430d-a7f4-40d0a8e52f59
2026-03-13 15:04:44 [scheduling-1] INFO  b.p.scheduler.TransferScheduler - Sent transfer b7c8cb3b-9627-4fda-b18b-b03070216bda
2026-03-13 15:04:44 [scheduling-1] INFO  b.p.scheduler.TransferScheduler - Sent transfer b58abbe8-046e-4c0f-b251-15afde59b576
2026-03-13 15:04:45 [scheduling-1] INFO  b.p.scheduler.TransferScheduler - Sent transfer 8468db4d-7bf5-4e86-9646-ce1f878a1b6b
2026-03-13 15:04:45 [scheduling-1] INFO  b.p.scheduler.TransferScheduler - Sent transfer 07258611-019e-4b71-bf31-94493f6dd7ab
2026-03-13 15:04:45 [scheduling-1] INFO  b.p.scheduler.TransferScheduler - Sent transfer fe6ea572-79ab-4766-8671-27dca5978e5e
2026-03-13 15:04:45 [scheduling-1] INFO  b.p.scheduler.TransferScheduler - Sent transfer 33862cc9-603e-4829-abd9-96cc0d4d6de9
2026-03-13 15:04:45 [scheduling-1] INFO  b.p.scheduler.TransferScheduler - Sent transfer d8991e76-d236-4e8a-a9b9-394aa5544603
2026-03-13 15:04:46 [scheduling-1] INFO  b.p.scheduler.TransferScheduler - Sent transfer 091f0544-4e2a-4a3b-9145-6bbfb19355d8
2026-03-13 15:04:46 [scheduling-1] INFO  b.p.scheduler.TransferScheduler - Sent transfer 41caa677-ac14-44ed-b153-194bdc26597d
2026-03-13 15:04:46 [scheduling-1] INFO  b.p.scheduler.TransferScheduler - Sent transfer 716d840d-8d13-4905-adb1-a5181a7d8e1d
2026-03-13 15:04:46 [scheduling-1] INFO  b.p.scheduler.TransferScheduler - Sent transfer b09589e9-460a-46af-9711-23434010b09c
2026-03-13 15:04:46 [scheduling-1] INFO  b.p.scheduler.TransferScheduler - Sent transfer 012c9b2c-563a-4099-a6cb-dbe2996478c6
2026-03-13 15:04:47 [scheduling-1] INFO  b.p.scheduler.TransferScheduler - Sent transfer c896c256-755c-47f2-adec-d646d4f0719d
2026-03-13 15:04:47 [scheduling-1] INFO  b.p.scheduler.TransferScheduler - Sent transfer 429b385e-0817-4436-9fdb-db9d23905472
2026-03-13 15:04:47 [scheduling-1] INFO  b.p.scheduler.TransferScheduler - Sent transfer c4d72bdc-d8a0-4622-bbad-c1a0b978bd1d
2026-03-13 15:04:47 [scheduling-1] INFO  b.p.scheduler.TransferScheduler - Sent transfer 04c4f9cd-6506-4e4d-b8f0-35bef4d69b87
2026-03-13 15:04:47 [scheduling-1] INFO  b.p.scheduler.TransferScheduler - Sent transfer e9eb0910-9dec-408c-a6a8-263b58e4bf9b
2026-03-13 15:04:48 [scheduling-1] INFO  b.p.scheduler.TransferScheduler - Sent transfer a9e08431-c052-403c-bff4-0ccbdb5459c5
2026-03-13 15:04:48 [scheduling-1] INFO  b.p.scheduler.TransferScheduler - Sent transfer a92b598b-95bf-4744-aed4-e476a9106966
2026-03-13 15:04:48 [scheduling-1] INFO  b.p.scheduler.TransferScheduler - Sent transfer 34f0f5a1-9fc7-4289-9e33-eadc129672f6
2026-03-13 15:04:48 [scheduling-1] INFO  b.p.scheduler.TransferScheduler - Sent transfer 93832b19-2b65-49af-94ff-8e4e349c5f88
2026-03-13 15:04:48 [scheduling-1] INFO  b.p.scheduler.TransferScheduler - Sent transfer 1cf167e6-5c71-4f6d-b2c7-c3d74ec97a49
2026-03-13 15:04:49 [scheduling-1] INFO  b.p.scheduler.TransferScheduler - Sent transfer 7ea29df7-9c16-4f84-9e6a-d880ec460056
2026-03-13 15:04:49 [scheduling-1] INFO  b.p.scheduler.TransferScheduler - Sent transfer 6909d3ee-19ad-41e7-a156-626a16ff9376
2026-03-13 15:04:49 [scheduling-1] INFO  b.p.scheduler.TransferScheduler - Sent transfer 8c15387f-35d6-421f-adf2-1282a32bff82
2026-03-13 15:04:49 [scheduling-1] INFO  b.p.scheduler.TransferScheduler - Sent transfer 2f544442-0878-4d1d-84ea-040acc30de93
2026-03-13 15:04:49 [scheduling-1] INFO  b.p.scheduler.TransferScheduler - Sent transfer d5941921-6f80-4626-a92a-1c4f89fb2a69
2026-03-13 15:04:50 [scheduling-1] INFO  b.p.scheduler.TransferScheduler - Sent transfer d5b196a8-5f36-4d47-b332-faab38258e9f
2026-03-13 15:04:50 [scheduling-1] INFO  b.p.scheduler.TransferScheduler - Sent transfer 0b6b40c8-e4af-4f66-bdda-3fc9f9898112
2026-03-13 15:04:50 [scheduling-1] INFO  b.p.scheduler.TransferScheduler - Sent transfer 9280d1a1-88ad-42a8-9cac-06ba400d41a8
2026-03-13 15:04:50 [scheduling-1] INFO  b.p.scheduler.TransferScheduler - Sent transfer b4a80d33-a3bd-4715-82d1-fa6dc716de3d
2026-03-13 15:04:50 [scheduling-1] INFO  b.p.scheduler.TransferScheduler - Sent transfer e64c9d13-0305-4cf5-a13c-9ca7a23022e8
2026-03-13 15:04:51 [scheduling-1] INFO  b.p.scheduler.TransferScheduler - Sent transfer 15b69435-8bdd-4e26-ac65-66da3ea70ff0
2026-03-13 15:04:51 [scheduling-1] INFO  b.p.scheduler.TransferScheduler - Sent transfer a23cd38f-474f-49c8-a069-7c4d752c4f0f
2026-03-13 15:04:51 [scheduling-1] INFO  b.p.scheduler.TransferScheduler - Sent transfer e6dc6abd-381b-4882-9964-a878e6e878ae
2026-03-13 15:04:51 [scheduling-1] INFO  b.p.scheduler.TransferScheduler - Sent transfer 4073d712-298a-438b-a3ec-f78bf147f9e9
2026-03-13 15:04:51 [scheduling-1] INFO  b.p.scheduler.TransferScheduler - Sent transfer 3d535944-9bee-485a-b08c-98a35cdb1d80
2026-03-13 15:04:52 [scheduling-1] INFO  b.p.scheduler.TransferScheduler - Sent transfer 04836f44-6682-4095-b017-8d104b6b0164
2026-03-13 15:04:52 [scheduling-1] INFO  b.p.scheduler.TransferScheduler - Sent transfer 2bccf0e9-3c1b-42cf-ad70-5f9e6a19751e
2026-03-13 15:04:52 [scheduling-1] INFO  b.p.scheduler.TransferScheduler - Sent transfer ab2e8dba-489b-441c-a7e5-d41cae1d18af
2026-03-13 15:04:52 [scheduling-1] INFO  b.p.scheduler.TransferScheduler - Sent transfer cf472e55-2ec1-4ca0-97cc-839b0c554020
2026-03-13 15:04:52 [scheduling-1] INFO  b.p.scheduler.TransferScheduler - Sent transfer eabf1f55-6b33-4722-9e86-76ece40c92f3
2026-03-13 15:04:53 [scheduling-1] INFO  b.p.scheduler.TransferScheduler - Sent transfer a9697689-722f-4d9a-966a-a2416e834eab
2026-03-13 15:04:53 [scheduling-1] INFO  b.p.scheduler.TransferScheduler - Sent transfer ab41eb94-11a9-4a8d-ae14-824dace9300b
2026-03-13 15:04:53 [scheduling-1] INFO  b.p.scheduler.TransferScheduler - Sent transfer 2646ebf0-5a76-4ef1-a329-f9b3f4d1838f
2026-03-13 15:04:53 [scheduling-1] INFO  b.p.scheduler.TransferScheduler - Sent transfer 758992f7-3146-47d0-a3f2-0923e923dc00
2026-03-13 15:04:53 [scheduling-1] INFO  b.p.scheduler.TransferScheduler - Sent transfer 7c3a2bd2-dd46-421b-8d0f-445cefebfc42
2026-03-13 15:04:54 [scheduling-1] INFO  b.p.scheduler.TransferScheduler - Sent transfer 44b13e35-890d-4006-bf8e-7bb82b2738f1
2026-03-13 15:04:54 [scheduling-1] INFO  b.p.scheduler.TransferScheduler - Sent transfer efc59661-80b1-495a-a735-c4202fe73063
2026-03-13 15:04:54 [scheduling-1] INFO  b.p.scheduler.TransferScheduler - Sent transfer 0c124e54-a3eb-44ec-abb2-6f2e7ce70343
2026-03-13 15:04:54 [scheduling-1] INFO  b.p.scheduler.TransferScheduler - Sent transfer a61121ee-00bb-45be-8ce7-69aba0114ace
2026-03-13 15:04:54 [scheduling-1] INFO  b.p.scheduler.TransferScheduler - Sent transfer edf81695-a5bb-4236-9da9-4f3d96abd2b1
2026-03-13 15:04:55 [scheduling-1] INFO  b.p.scheduler.TransferScheduler - Sent transfer 928468d8-a042-48a4-ba02-b9f00b3b9564
2026-03-13 15:04:55 [scheduling-1] INFO  b.p.scheduler.TransferScheduler - Sent transfer 26fbe903-99c0-4e5e-8ca8-51de44a4664a
2026-03-13 15:04:55 [scheduling-1] INFO  b.p.scheduler.TransferScheduler - Sent transfer 97ee4e7f-a735-4e0a-b334-22f707ec0179
2026-03-13 15:04:55 [scheduling-1] INFO  b.p.scheduler.TransferScheduler - Sent transfer ab6499e2-a994-4eed-bae2-eee22f3581be
2026-03-13 15:04:55 [scheduling-1] INFO  b.p.scheduler.TransferScheduler - Sent transfer 21140261-af93-4f0a-8e15-b6193a26a3a5
2026-03-13 15:04:56 [scheduling-1] INFO  b.p.scheduler.TransferScheduler - Sent transfer c8ed702a-62eb-4e3e-ba84-978c21482cfe
2026-03-13 15:04:56 [scheduling-1] INFO  b.p.scheduler.TransferScheduler - Sent transfer fe0824f3-226b-41ca-a5ec-b2f1a5f05d9b
2026-03-13 15:04:56 [scheduling-1] INFO  b.p.scheduler.TransferScheduler - Sent transfer 54c6cfaf-08bd-41b0-979b-d5a6cacb04a8
2026-03-13 15:04:56 [scheduling-1] INFO  b.p.scheduler.TransferScheduler - Sent transfer 6a32b92f-f08a-4e4f-b2ad-a85b86a8ee6b
2026-03-13 15:04:56 [scheduling-1] INFO  b.p.scheduler.TransferScheduler - Sent transfer 796d53af-ec41-4c76-a7fc-df7be3df33c8
2026-03-13 15:04:57 [scheduling-1] INFO  b.p.scheduler.TransferScheduler - Sent transfer 613919ef-7aad-4e81-be99-3bf002b3da20
2026-03-13 15:04:57 [scheduling-1] INFO  b.p.scheduler.TransferScheduler - Sent transfer 7e9e1c2e-177d-4f81-ad5f-2bf25d649f02
2026-03-13 15:04:57 [scheduling-1] INFO  b.p.scheduler.TransferScheduler - Sent transfer 24c2d9f0-10fb-4533-a752-60d092bac085
2026-03-13 15:04:57 [scheduling-1] INFO  b.p.scheduler.TransferScheduler - Sent transfer 9d3989bc-dd99-4654-9fd6-5fbd7c03f45d
2026-03-13 15:04:57 [scheduling-1] INFO  b.p.scheduler.TransferScheduler - Sent transfer 91f771e9-2c92-49b2-8556-fd1f2ebaa8a5
2026-03-13 15:04:58 [scheduling-1] INFO  b.p.scheduler.TransferScheduler - Sent transfer de555712-d901-448f-ba72-374ce51b0ffb
2026-03-13 15:04:58 [scheduling-1] INFO  b.p.scheduler.TransferScheduler - Sent transfer ce98ad08-4f05-4043-80e8-9a507b909d7c
2026-03-13 15:04:58 [scheduling-1] INFO  b.p.scheduler.TransferScheduler - Sent transfer 40c78b80-8294-4d54-b0dd-2dd5acd0d1c4
2026-03-13 15:04:58 [scheduling-1] INFO  b.p.scheduler.TransferScheduler - Sent transfer 5ddd63f2-53fc-484a-9db1-073203103af9
2026-03-13 15:04:58 [scheduling-1] INFO  b.p.scheduler.TransferScheduler - Sent transfer bc3d01ca-0a71-4749-8053-be3d29621f47
2026-03-13 15:04:59 [scheduling-1] INFO  b.p.scheduler.TransferScheduler - Sent transfer a1b02229-50ae-40bf-8f4c-37149cdff3e2
2026-03-13 15:04:59 [scheduling-1] INFO  b.p.scheduler.TransferScheduler - Sent transfer 99465c11-5c8a-40a8-9c67-ff18ca520104
2026-03-13 15:04:59 [scheduling-1] INFO  b.p.scheduler.TransferScheduler - Sent transfer d8e1c14a-1cb5-4a7a-bc5a-64e0ef54289d
2026-03-13 15:04:59 [scheduling-1] INFO  b.p.scheduler.TransferScheduler - Sent transfer 06de5cf4-cc68-45b8-8870-7a9b9177c1ac
2026-03-13 15:04:59 [scheduling-1] INFO  b.p.scheduler.TransferScheduler - Sent transfer d6a3695c-62b4-4a74-a37f-850e33a821ab
2026-03-13 15:05:00 [scheduling-1] INFO  b.p.scheduler.TransferScheduler - Sent transfer 53238703-a5da-4525-b302-b0ffe955e813
2026-03-13 15:05:00 [scheduling-1] INFO  b.p.scheduler.TransferScheduler - Sent transfer e56c852e-8133-4ba3-bfa0-e8af9dba91a2
2026-03-13 15:05:00 [scheduling-1] INFO  b.p.scheduler.TransferScheduler - Sent transfer 90df824e-1a0c-48a1-8f73-215c599dc7fc
2026-03-13 15:05:00 [scheduling-1] INFO  b.p.scheduler.TransferScheduler - Sent transfer 22c8fcd8-45f8-42b1-b5b7-cc08bc213c8d
2026-03-13 15:05:01 [scheduling-1] INFO  b.p.scheduler.TransferScheduler - Sent transfer 36959132-b630-44ce-8a0c-7fdbbc3135d1
2026-03-13 15:05:01 [scheduling-1] INFO  b.p.scheduler.TransferScheduler - Sent transfer d8510e69-548f-483b-b515-997f31f8424a
2026-03-13 15:05:01 [scheduling-1] INFO  b.p.scheduler.TransferScheduler - Sent transfer e8cb5f5f-ed93-4498-8b74-80c036157c7c
2026-03-13 15:05:01 [scheduling-1] INFO  b.p.scheduler.TransferScheduler - Sent transfer 7820fb51-3f8e-4053-8927-b2737949b16a
2026-03-13 15:05:01 [scheduling-1] INFO  b.p.scheduler.TransferScheduler - Sent transfer 7a5046b2-3267-42cd-9c49-cd8dcdbbf214
2026-03-13 15:05:02 [scheduling-1] INFO  b.p.scheduler.TransferScheduler - Sent transfer f3c8f725-334f-4944-a767-c969f43e558e
2026-03-13 15:05:02 [scheduling-1] INFO  b.p.scheduler.TransferScheduler - Sent transfer 5e887a4e-44b6-4988-83e7-b88568bac2f9
2026-03-13 15:05:02 [scheduling-1] INFO  b.p.scheduler.TransferScheduler - Sent transfer f2a009bb-47e1-46ba-8c6e-ac7b724e2d8e
2026-03-13 15:05:02 [scheduling-1] INFO  b.p.scheduler.TransferScheduler - Sent transfer 852c57e6-4e7c-4595-afb6-7fe0f6556e49
2026-03-13 15:05:02 [scheduling-1] INFO  b.p.scheduler.TransferScheduler - Sent transfer 64bd6c87-0209-44d5-98c4-a1bb58302048
2026-03-13 15:05:03 [scheduling-1] INFO  b.p.scheduler.TransferScheduler - Sent transfer b61cc839-4f54-4428-9a6a-1f20dd3bdf25
2026-03-13 15:05:03 [scheduling-1] INFO  b.p.scheduler.TransferScheduler - Sent transfer a2dd7352-1613-4a77-ac85-f97951ee881d
2026-03-13 15:05:03 [scheduling-1] INFO  b.p.scheduler.TransferScheduler - Sent transfer 919d9674-61ab-4ff4-8226-e708722f3e3b
2026-03-13 15:05:03 [scheduling-1] INFO  b.p.scheduler.TransferScheduler - Sent transfer 828a2386-f795-4123-a6e2-f3a0d82d5d02
2026-03-13 15:05:03 [scheduling-1] INFO  b.p.scheduler.TransferScheduler - Sent transfer b167dade-65f8-4d52-9f59-952b6ebf8e26
2026-03-13 15:05:04 [scheduling-1] INFO  b.p.scheduler.TransferScheduler - Sent transfer 81209944-96cf-477c-844e-7d0c86b7b4fa
2026-03-13 15:05:04 [scheduling-1] INFO  b.p.scheduler.TransferScheduler - Sent transfer 5360e71d-9c6f-4b6e-adc9-dbe053787f7a
2026-03-13 15:05:04 [scheduling-1] INFO  b.p.scheduler.TransferScheduler - Sent transfer cd050aaf-73b1-472b-91b2-56191094a927
2026-03-13 15:05:04 [scheduling-1] INFO  b.p.scheduler.TransferScheduler - Sent transfer 33538591-b404-4c82-b5c5-7b10608ed9a2
2026-03-13 15:05:04 [scheduling-1] INFO  b.p.scheduler.TransferScheduler - Sent transfer 5de2a1b3-3436-4107-81ff-64f5d65552ee
2026-03-13 15:05:05 [scheduling-1] INFO  b.p.scheduler.TransferScheduler - Sent transfer 84fe93b9-8f0e-4ba5-8c66-cf470d9e1116
2026-03-13 15:05:05 [scheduling-1] INFO  b.p.scheduler.TransferScheduler - Sent transfer 0720c455-f0f1-481e-9ddc-fe1b1356c0a0
2026-03-13 15:05:05 [scheduling-1] INFO  b.p.scheduler.TransferScheduler - Sent transfer fefbf331-ff04-4740-a0db-a7215f1e2635
2026-03-13 15:05:05 [scheduling-1] INFO  b.p.scheduler.TransferScheduler - Sent transfer 086c2c50-8037-43ed-a16f-dc5b42f1da01
2026-03-13 15:05:05 [scheduling-1] INFO  b.p.scheduler.TransferScheduler - Sent transfer e9397f79-2022-43c3-ab64-fede5015daaf
2026-03-13 15:05:06 [scheduling-1] INFO  b.p.scheduler.TransferScheduler - Sent transfer 495e063c-a514-4c11-9fab-d32322753beb
2026-03-13 15:05:06 [scheduling-1] INFO  b.p.scheduler.TransferScheduler - Sent transfer d2d9160d-3ee2-4566-87d5-ffb13eb8e0bf
2026-03-13 15:05:06 [scheduling-1] INFO  b.p.scheduler.TransferScheduler - Sent transfer defd7e08-e95b-4f2f-94f5-f93199856db3
2026-03-13 15:05:06 [scheduling-1] INFO  b.p.scheduler.TransferScheduler - Sent transfer c2881c3a-2109-4aba-a894-8a706b13b0c0
2026-03-13 15:05:06 [scheduling-1] INFO  b.p.scheduler.TransferScheduler - Sent transfer cb6ad194-7356-48e9-a064-68e1ec32fec0
2026-03-13 15:05:07 [scheduling-1] INFO  b.p.scheduler.TransferScheduler - Sent transfer 71098b35-7791-4160-840b-897b3b2f59c6
2026-03-13 15:05:07 [scheduling-1] INFO  b.p.scheduler.TransferScheduler - Sent transfer c0c83b35-5757-4a92-8202-cfe79d51defb
2026-03-13 15:05:07 [scheduling-1] INFO  b.p.scheduler.TransferScheduler - Sent transfer 2b08e998-38a8-4e1c-b9f6-c7b4e8c84f49
2026-03-13 15:05:07 [scheduling-1] INFO  b.p.scheduler.TransferScheduler - Sent transfer 26b8716b-77f5-4cf1-b7ca-70bc27c583b0
2026-03-13 15:05:07 [scheduling-1] INFO  b.p.scheduler.TransferScheduler - Sent transfer 84cbdd65-2f5f-4827-8cea-ab71314488d0
2026-03-13 15:05:08 [scheduling-1] INFO  b.p.scheduler.TransferScheduler - Sent transfer 25720888-9ffe-44a8-9815-846c53ce0733
2026-03-13 15:05:08 [scheduling-1] INFO  b.p.scheduler.TransferScheduler - Sent transfer 51d6685e-36ff-4381-9a87-5efa7962e95c
2026-03-13 15:05:08 [scheduling-1] INFO  b.p.scheduler.TransferScheduler - Sent transfer 015f8253-6b94-4984-9abb-c2b6301a3e31
2026-03-13 15:05:08 [scheduling-1] INFO  b.p.scheduler.TransferScheduler - Sent transfer 8c8f5673-94d8-4825-8487-a1f010f76289
2026-03-13 15:05:08 [scheduling-1] INFO  b.p.scheduler.TransferScheduler - Sent transfer 429a478b-daec-4feb-a56c-adbb60aaa81f
2026-03-13 15:05:09 [scheduling-1] INFO  b.p.scheduler.TransferScheduler - Sent transfer 578feafe-2d93-4fd7-83d3-2979f8c80ec2
2026-03-13 15:05:09 [scheduling-1] INFO  b.p.scheduler.TransferScheduler - Sent transfer 787ed52c-54f4-499a-9058-624649e28e03
2026-03-13 15:05:09 [scheduling-1] INFO  b.p.scheduler.TransferScheduler - Sent transfer 84f015b6-d390-44cc-b4d2-f54527775a1a
2026-03-13 15:05:09 [scheduling-1] INFO  b.p.scheduler.TransferScheduler - Sent transfer b4f473ce-99e5-4b0e-b6b4-0acde9eab4a4
2026-03-13 15:05:09 [scheduling-1] INFO  b.p.scheduler.TransferScheduler - Sent transfer 7b911ded-80fc-45f2-9db3-c367a241e41b
2026-03-13 15:05:10 [scheduling-1] INFO  b.p.scheduler.TransferScheduler - Sent transfer 8603bb5f-9b8e-4da6-92e1-6a201415cc15
2026-03-13 15:05:10 [scheduling-1] INFO  b.p.scheduler.TransferScheduler - Sent transfer c9c5f247-b8a7-4894-880b-673c3988cd24
2026-03-13 15:05:10 [scheduling-1] INFO  b.p.scheduler.TransferScheduler - Sent transfer e38b2e03-97de-4c4a-b434-f84472a1d7c8
2026-03-13 15:05:10 [scheduling-1] INFO  b.p.scheduler.TransferScheduler - Sent transfer 3c885ca4-e78f-4a47-9673-f98080fb55dd
2026-03-13 15:05:10 [scheduling-1] INFO  b.p.scheduler.TransferScheduler - Sent transfer 4a5d5830-8586-4fbc-ad58-774550bb93e1
2026-03-13 15:05:11 [scheduling-1] INFO  b.p.scheduler.TransferScheduler - Sent transfer 6a52f04e-4bc2-4cc3-ab11-95c0c7be27ba
2026-03-13 15:05:11 [scheduling-1] INFO  b.p.scheduler.TransferScheduler - Sent transfer 609039c3-e1e7-4ee4-87dd-20ec8968e3ae
2026-03-13 15:05:11 [scheduling-1] INFO  b.p.scheduler.TransferScheduler - Sent transfer 503619fd-fee3-4576-b8cd-a856dcd45ba1
2026-03-13 15:05:11 [scheduling-1] INFO  b.p.scheduler.TransferScheduler - Sent transfer 65107c81-53bc-4ec8-9d5a-ed7b895988df
2026-03-13 15:05:11 [scheduling-1] INFO  b.p.scheduler.TransferScheduler - Sent transfer 46e64c31-80fa-4fc9-8b3c-7283c5313732
2026-03-13 15:05:12 [scheduling-1] INFO  b.p.scheduler.TransferScheduler - Sent transfer 9e92815f-36d1-49a2-8a7e-5db99c71f601
2026-03-13 15:05:12 [scheduling-1] INFO  b.p.scheduler.TransferScheduler - Sent transfer a8f3e7e3-026d-4cc0-8787-a30577456291
2026-03-13 15:05:12 [scheduling-1] INFO  b.p.scheduler.TransferScheduler - Sent transfer de3e684d-fa5b-420c-810a-7e07a79ea968
2026-03-13 15:05:12 [scheduling-1] INFO  b.p.scheduler.TransferScheduler - Sent transfer 71c6fbb1-ea72-4c55-92d3-1ca724ad706d
2026-03-13 15:05:12 [scheduling-1] INFO  b.p.scheduler.TransferScheduler - Sent transfer c0ec5107-352d-4d8d-a9a7-8ca4bd3175db
2026-03-13 15:05:13 [scheduling-1] INFO  b.p.scheduler.TransferScheduler - Sent transfer 6eaf63ae-e02d-4283-a367-584cf6750480
2026-03-13 15:05:13 [scheduling-1] INFO  b.p.scheduler.TransferScheduler - Sent transfer 4865ed26-a375-42b9-b77e-b06b181ff019
2026-03-13 15:05:13 [scheduling-1] INFO  b.p.scheduler.TransferScheduler - Sent transfer e8b3ba3b-2a35-48ac-8e68-1755ba6014f0
2026-03-13 15:05:13 [scheduling-1] INFO  b.p.scheduler.TransferScheduler - Sent transfer 7ddcc249-e72e-4e32-ac6f-93113fd180b4
2026-03-13 15:05:13 [scheduling-1] INFO  b.p.scheduler.TransferScheduler - Sent transfer 177a0dd4-bea8-475f-86df-118c41cc7b8c
2026-03-13 15:05:14 [scheduling-1] INFO  b.p.scheduler.TransferScheduler - Sent transfer cb0fbadb-70cc-4ec2-bd53-c20071a1d92d
2026-03-13 15:05:14 [scheduling-1] INFO  b.p.scheduler.TransferScheduler - Sent transfer ba94f85f-960f-45c7-9fc6-221008b98187
2026-03-13 15:05:14 [scheduling-1] INFO  b.p.scheduler.TransferScheduler - Sent transfer 03b68674-d923-4910-8b5f-441ae058d5de
2026-03-13 15:05:14 [scheduling-1] INFO  b.p.scheduler.TransferScheduler - Sent transfer 52c806ef-1b26-4180-b283-a348ae1d5b18
2026-03-13 15:05:14 [scheduling-1] INFO  b.p.scheduler.TransferScheduler - Sent transfer 47e3e2a6-7eea-4e7b-9b46-640d4f59f728
2026-03-13 15:05:15 [scheduling-1] INFO  b.p.scheduler.TransferScheduler - Sent transfer 1abe0f66-fd96-494b-9055-80e659a63cd4
2026-03-13 15:05:15 [scheduling-1] INFO  b.p.scheduler.TransferScheduler - Sent transfer 667b0f51-87f1-48ca-813d-dd975387360a
2026-03-13 15:05:15 [scheduling-1] INFO  b.p.scheduler.TransferScheduler - Sent transfer b8907f87-bf02-49ad-95f0-1d8304e5f399
2026-03-13 15:05:15 [scheduling-1] INFO  b.p.scheduler.TransferScheduler - Sent transfer ed2d4afd-f255-4336-86a8-28b98c6765f5
2026-03-13 15:05:15 [scheduling-1] INFO  b.p.scheduler.TransferScheduler - Sent transfer 3b6b35b7-c9be-4c83-a8fe-57fc0973502e
2026-03-13 15:05:16 [scheduling-1] INFO  b.p.scheduler.TransferScheduler - Sent transfer 5ced7453-d29f-49ea-9bd1-6205dd3c2c70
2026-03-13 15:05:16 [scheduling-1] INFO  b.p.scheduler.TransferScheduler - Sent transfer 82080c57-f2bb-478e-9966-ac0d8266bdf0
2026-03-13 15:05:16 [scheduling-1] INFO  b.p.scheduler.TransferScheduler - Sent transfer 20b14647-5223-4393-a92c-d18f1088147e
2026-03-13 15:05:16 [scheduling-1] INFO  b.p.scheduler.TransferScheduler - Sent transfer 5ebb672d-c27d-4f70-8389-92d59ff065fc
2026-03-13 15:05:16 [scheduling-1] INFO  b.p.scheduler.TransferScheduler - Sent transfer 6b4de075-24db-4ccc-9fa2-570517044062
2026-03-13 15:05:17 [scheduling-1] INFO  b.p.scheduler.TransferScheduler - Sent transfer a6d48db2-17df-4fc2-b1a8-695be27e5890
2026-03-13 15:05:17 [scheduling-1] INFO  b.p.scheduler.TransferScheduler - Sent transfer 6cefad45-7460-4644-9278-43f987f4426a
2026-03-13 15:05:17 [scheduling-1] INFO  b.p.scheduler.TransferScheduler - Sent transfer 583b41cf-ced4-495e-92e8-6c39d3e831a5
2026-03-13 15:05:17 [scheduling-1] INFO  b.p.scheduler.TransferScheduler - Sent transfer 87c27626-a591-4c8e-88b5-46ab8b91bcd9
2026-03-13 15:05:17 [scheduling-1] INFO  b.p.scheduler.TransferScheduler - Sent transfer f97ccbea-86b5-49c8-bb76-6212b8ca6164
2026-03-13 15:05:18 [scheduling-1] INFO  b.p.scheduler.TransferScheduler - Sent transfer 65dc6dc5-8b19-4714-977d-daf3ffa7a161
2026-03-13 15:05:18 [scheduling-1] INFO  b.p.scheduler.TransferScheduler - Sent transfer d14df93b-530e-48a6-a3d7-749d98e8dde2
2026-03-13 15:05:18 [scheduling-1] INFO  b.p.scheduler.TransferScheduler - Sent transfer 4d213763-5406-440c-b0f2-b2a5f8c345e5
2026-03-13 15:05:18 [scheduling-1] INFO  b.p.scheduler.TransferScheduler - Sent transfer 80170e9a-40f2-42fd-9cd0-bf1d38010d5a
2026-03-13 15:05:18 [scheduling-1] INFO  b.p.scheduler.TransferScheduler - Sent transfer 2ee84e4e-751b-4dc4-99cc-26b52abbf8f3
2026-03-13 15:05:19 [scheduling-1] INFO  b.p.scheduler.TransferScheduler - Sent transfer 4e8921ee-5d17-42cc-b38c-e6bde88bf561
2026-03-13 15:05:19 [scheduling-1] INFO  b.p.scheduler.TransferScheduler - Sent transfer 59cbd8e8-0c1d-4f41-af6b-8b4676de7139
2026-03-13 15:05:19 [scheduling-1] INFO  b.p.scheduler.TransferScheduler - Sent transfer 39c9a9da-16a0-4548-ac95-42640e01c839
2026-03-13 15:05:19 [scheduling-1] INFO  b.p.scheduler.TransferScheduler - Sent transfer 769562ef-3a59-489c-81a3-fcdd5165f0d0
2026-03-13 15:05:20 [scheduling-1] INFO  b.p.scheduler.TransferScheduler - Sent transfer b9a87bf6-e6c3-45c5-8282-f41bbeeb982b
2026-03-13 15:05:20 [scheduling-1] INFO  b.p.scheduler.TransferScheduler - Sent transfer 9dccac0d-a5bf-44fb-9bf0-609dd7576512
2026-03-13 15:05:20 [scheduling-1] INFO  b.p.scheduler.TransferScheduler - Sent transfer f072409c-0fba-4726-bdcd-be3d6464bb95
2026-03-13 15:05:20 [scheduling-1] INFO  b.p.scheduler.TransferScheduler - Sent transfer c3c8f131-9054-4351-94b1-5a19de08f68a
2026-03-13 15:05:20 [scheduling-1] INFO  b.p.scheduler.TransferScheduler - Sent transfer e3206f8e-cb11-433d-bc02-e34906be3864
2026-03-13 15:05:21 [scheduling-1] INFO  b.p.scheduler.TransferScheduler - Sent transfer 093ab187-ca55-4f18-84cf-04c0b7665a44
2026-03-13 15:05:21 [scheduling-1] INFO  b.p.scheduler.TransferScheduler - Sent transfer 4334eede-e00e-492c-bde5-47da3814f189
2026-03-13 15:05:21 [scheduling-1] INFO  b.p.scheduler.TransferScheduler - Sent transfer 4e370ed1-a898-49a3-861b-d23f1af1d3ce
2026-03-13 15:05:21 [scheduling-1] INFO  b.p.scheduler.TransferScheduler - Sent transfer d6e36bc6-ea87-44bc-b9a7-f94074db6b69
2026-03-13 15:05:21 [scheduling-1] INFO  b.p.scheduler.TransferScheduler - Sent transfer bb059726-a0a3-44c3-ab69-ff7c118e6939
2026-03-13 15:05:22 [scheduling-1] INFO  b.p.scheduler.TransferScheduler - Sent transfer d203ca19-6976-486c-9bdd-9c52eba8d6e4
2026-03-13 15:05:22 [scheduling-1] INFO  b.p.scheduler.TransferScheduler - Sent transfer c9e2ddef-8fe4-433c-878f-1d70145a6f81
2026-03-13 15:05:22 [scheduling-1] INFO  b.p.scheduler.TransferScheduler - Sent transfer 931b5935-0351-42c7-96da-bb420d8996c0
2026-03-13 15:05:22 [scheduling-1] INFO  b.p.scheduler.TransferScheduler - Sent transfer 3ed483d4-1910-47e6-8a6c-97b6bdc5ba9c
2026-03-13 15:05:22 [scheduling-1] INFO  b.p.scheduler.TransferScheduler - Sent transfer e7a3bbbd-bd70-44e9-85df-f3bb1331e242
2026-03-13 15:05:23 [scheduling-1] INFO  b.p.scheduler.TransferScheduler - Sent transfer 9c452c1a-0fac-4945-bb5d-10a1b25c86d9
2026-03-13 15:05:23 [scheduling-1] INFO  b.p.scheduler.TransferScheduler - Sent transfer 70f6e585-1d8d-461d-a806-cdc02282cf89
2026-03-13 15:05:23 [scheduling-1] INFO  b.p.scheduler.TransferScheduler - Sent transfer 36842429-f532-4cb7-83ed-84fcad0c72ee
2026-03-13 15:05:23 [scheduling-1] INFO  b.p.scheduler.TransferScheduler - Sent transfer 60812927-6b71-4b9a-9660-7b3cda3f9287
2026-03-13 15:05:23 [scheduling-1] INFO  b.p.scheduler.TransferScheduler - Sent transfer fe16e175-dca8-43fa-aee3-bfdbdd77e494
2026-03-13 15:05:24 [scheduling-1] INFO  b.p.scheduler.TransferScheduler - Sent transfer 8ba1a709-a114-498e-b437-a3f800f0b426
2026-03-13 15:05:24 [scheduling-1] INFO  b.p.scheduler.TransferScheduler - Sent transfer b98d02bd-1ce1-4574-adec-2d5ae47dead2
2026-03-13 15:05:24 [scheduling-1] INFO  b.p.scheduler.TransferScheduler - Sent transfer 979de899-38bc-4414-98e8-0012fc4b8388
2026-03-13 15:05:24 [scheduling-1] INFO  b.p.scheduler.TransferScheduler - Sent transfer 8a9e5573-5d29-42fc-bb82-f085fed8ab9f
2026-03-13 15:05:24 [scheduling-1] INFO  b.p.scheduler.TransferScheduler - Sent transfer 57fc0428-9d02-41e1-8c29-aebf42bee3d5
2026-03-13 15:05:25 [scheduling-1] INFO  b.p.scheduler.TransferScheduler - Sent transfer 1548c88e-5181-4d87-93bb-17dd2714d7c7
2026-03-13 15:05:25 [scheduling-1] INFO  b.p.scheduler.TransferScheduler - Sent transfer 063d7d4d-5cb6-4237-bbad-304045be522c
2026-03-13 15:05:25 [scheduling-1] INFO  b.p.scheduler.TransferScheduler - Sent transfer 5a5e9912-44b0-4250-8387-dad238e9a0fd
2026-03-13 15:05:25 [scheduling-1] INFO  b.p.scheduler.TransferScheduler - Sent transfer cf21f149-c7a9-47e6-bfb6-e4afba440e99
2026-03-13 15:05:25 [scheduling-1] INFO  b.p.scheduler.TransferScheduler - Sent transfer 4e1f72a0-dbe9-49ad-8a09-f15c7da54b6c
2026-03-13 15:05:26 [scheduling-1] INFO  b.p.scheduler.TransferScheduler - Sent transfer 37ff9bc2-33fd-4e29-8f5f-8854544d6b34
2026-03-13 15:05:26 [scheduling-1] INFO  b.p.scheduler.TransferScheduler - Sent transfer 3edc531d-5d8e-4eb4-b1a7-e295f1cb8c57
2026-03-13 15:05:26 [scheduling-1] INFO  b.p.scheduler.TransferScheduler - Sent transfer 3730c148-97d5-4593-9c09-c1570f3603fb
2026-03-13 15:05:26 [scheduling-1] INFO  b.p.scheduler.TransferScheduler - Sent transfer 56bdad26-c679-46c1-b065-695d896332f3
2026-03-13 15:05:26 [scheduling-1] INFO  b.p.scheduler.TransferScheduler - Sent transfer bd960698-7e89-4df7-893a-cf834f0cf176
2026-03-13 15:05:27 [scheduling-1] INFO  b.p.scheduler.TransferScheduler - Sent transfer 3923bb9d-3cff-440f-bbf1-831b8695b5a4
2026-03-13 15:05:27 [scheduling-1] INFO  b.p.scheduler.TransferScheduler - Sent transfer df83a2a9-e623-45f0-bf9a-9d1d446b2296
2026-03-13 15:05:27 [scheduling-1] INFO  b.p.scheduler.TransferScheduler - Sent transfer c6268f50-7c17-4c6a-9a6e-6de283c082a4
2026-03-13 15:05:27 [scheduling-1] INFO  b.p.scheduler.TransferScheduler - Sent transfer 95d8e786-866c-4cf9-a639-3f94db7fad0d
2026-03-13 15:05:27 [scheduling-1] INFO  b.p.scheduler.TransferScheduler - Sent transfer 6ff4b0f9-740c-47a0-a896-49437a32bd31
2026-03-13 15:05:28 [scheduling-1] INFO  b.p.scheduler.TransferScheduler - Sent transfer 87b22160-d78b-4055-b49a-ba55af0584b5
2026-03-13 15:05:28 [scheduling-1] INFO  b.p.scheduler.TransferScheduler - Sent transfer a6b24131-765e-45df-bce6-b713dbf978b3
2026-03-13 15:05:28 [scheduling-1] INFO  b.p.scheduler.TransferScheduler - Sent transfer bf1c7e87-6f14-4144-b777-003b937f1704
2026-03-13 15:05:28 [scheduling-1] INFO  b.p.scheduler.TransferScheduler - Sent transfer 5088761c-7376-46c5-b3ab-bf87a20062db
2026-03-13 15:05:28 [scheduling-1] INFO  b.p.scheduler.TransferScheduler - Sent transfer 67fcf7f8-3612-4438-a984-fd6054feae61
2026-03-13 15:05:29 [scheduling-1] INFO  b.p.scheduler.TransferScheduler - Sent transfer 207a541e-7f3a-4fb6-ab9c-58fc9e814583
2026-03-13 15:05:29 [scheduling-1] INFO  b.p.scheduler.TransferScheduler - Sent transfer 0b2c9ed5-f556-4c73-95ad-a220a02cc63d
2026-03-13 15:05:29 [scheduling-1] INFO  b.p.scheduler.TransferScheduler - Sent transfer 630750c1-3fa0-4965-83d2-e1906e7d4736
2026-03-13 15:05:29 [scheduling-1] INFO  b.p.scheduler.TransferScheduler - Sent transfer e2b0f639-6af9-401e-aa0c-7a70d0a09108
2026-03-13 15:05:29 [scheduling-1] INFO  b.p.scheduler.TransferScheduler - Sent transfer b1a514a1-7fcd-4e49-9726-a108f7666784
2026-03-13 15:05:30 [scheduling-1] INFO  b.p.scheduler.TransferScheduler - Sent transfer 5ec077a1-ddf4-4a09-be77-b4c4961272b0
2026-03-13 15:05:30 [scheduling-1] INFO  b.p.scheduler.TransferScheduler - Sent transfer d7a8ede2-a382-42dd-8edd-7774daceeb37
2026-03-13 15:05:30 [scheduling-1] INFO  b.p.scheduler.TransferScheduler - Sent transfer 1f0d68fa-2b96-46d4-adee-026dc02e40a9
2026-03-13 15:05:30 [scheduling-1] INFO  b.p.scheduler.TransferScheduler - Sent transfer 43d206e8-4064-4391-8d4e-06368e6ae8ec
2026-03-13 15:05:30 [scheduling-1] INFO  b.p.scheduler.TransferScheduler - Sent transfer 8cad089c-b1e3-4d8c-a1e7-5a19c2060c7b
2026-03-13 15:05:31 [scheduling-1] INFO  b.p.scheduler.TransferScheduler - Sent transfer acd9a4af-ff20-4a13-8f61-aa48b42d9acb
2026-03-13 15:05:31 [scheduling-1] INFO  b.p.scheduler.TransferScheduler - Sent transfer 99fc397e-7b2e-425d-bedd-7527dbd8f9ff
2026-03-13 15:05:31 [scheduling-1] INFO  b.p.scheduler.TransferScheduler - Sent transfer 431e6a7f-0c1d-424e-a443-a62ee2f87f02
2026-03-13 15:05:31 [scheduling-1] INFO  b.p.scheduler.TransferScheduler - Sent transfer 4d6ab7a0-d52d-4597-aa06-a5fce45c9b13
2026-03-13 15:05:31 [scheduling-1] INFO  b.p.scheduler.TransferScheduler - Sent transfer 20569808-1269-49cb-abaf-c4e3698aec94
2026-03-13 15:05:32 [scheduling-1] INFO  b.p.scheduler.TransferScheduler - Sent transfer a5d9a924-91fb-4a3e-a802-70d815b7e074
2026-03-13 15:05:32 [scheduling-1] INFO  b.p.scheduler.TransferScheduler - Sent transfer 60edb06b-f544-4372-86c4-9c1eeafbd462
2026-03-13 15:05:32 [scheduling-1] INFO  b.p.scheduler.TransferScheduler - Sent transfer 2df907bc-78a8-494d-ad18-ea14e191acf7
2026-03-13 15:05:32 [scheduling-1] INFO  b.p.scheduler.TransferScheduler - Sent transfer 43d83cbe-0cbd-4cc3-9300-cdd391e595cb
2026-03-13 15:05:32 [scheduling-1] INFO  b.p.scheduler.TransferScheduler - Sent transfer d18ea961-4323-44cd-8b2d-b1577b573752
2026-03-13 15:05:33 [scheduling-1] INFO  b.p.scheduler.TransferScheduler - Sent transfer c59e23bd-cedc-40fa-93cc-10782da33e1b
2026-03-13 15:05:33 [scheduling-1] INFO  b.p.scheduler.TransferScheduler - Sent transfer 235964d2-1f52-49ed-81a1-0fa79d6146a3
2026-03-13 15:05:33 [scheduling-1] INFO  b.p.scheduler.TransferScheduler - Sent transfer 0c1ac601-feb2-45ef-9514-aa6f1306fc50
2026-03-13 15:05:33 [scheduling-1] INFO  b.p.scheduler.TransferScheduler - Sent transfer fe0481d6-98de-41fb-9bc6-acc2ef1c0fed
2026-03-13 15:05:33 [scheduling-1] INFO  b.p.scheduler.TransferScheduler - Sent transfer 0e5636e5-8de3-4219-b5c0-c9fd800bf85c
2026-03-13 15:05:34 [scheduling-1] INFO  b.p.scheduler.TransferScheduler - Sent transfer b174f335-3e0f-4623-a293-c4eac1cc2ce7
2026-03-13 15:05:34 [scheduling-1] INFO  b.p.scheduler.TransferScheduler - Sent transfer 07170ce3-9973-4e44-be0d-fa09733b859a
2026-03-13 15:05:34 [scheduling-1] INFO  b.p.scheduler.TransferScheduler - Sent transfer 65010144-fdc1-4558-ba9d-1df8626e29c7
2026-03-13 15:05:34 [scheduling-1] INFO  b.p.scheduler.TransferScheduler - Sent transfer ebde7ac4-e5a9-40f3-823a-925d8ae35428
2026-03-13 15:05:34 [scheduling-1] INFO  b.p.scheduler.TransferScheduler - Sent transfer 7ea20966-b534-4f50-ac2b-55f520bc4930
2026-03-13 15:05:35 [scheduling-1] INFO  b.p.scheduler.TransferScheduler - Sent transfer 7162d593-a863-454a-9a7f-dfe7b1abdd19
2026-03-13 15:05:35 [scheduling-1] INFO  b.p.scheduler.TransferScheduler - Sent transfer 3237bda4-9757-411e-bdcf-3476d622bf23
2026-03-13 15:05:35 [scheduling-1] INFO  b.p.scheduler.TransferScheduler - Sent transfer 9f7afb14-3d0a-438b-a178-e5c1348c13b7
2026-03-13 15:05:35 [scheduling-1] INFO  b.p.scheduler.TransferScheduler - Sent transfer ea12589f-eed8-4218-b6ee-e6d899f135b1
2026-03-13 15:05:35 [scheduling-1] INFO  b.p.scheduler.TransferScheduler - Sent transfer ad1a889d-9bdf-4c85-a5e1-671cb819f891
2026-03-13 15:05:36 [scheduling-1] INFO  b.p.scheduler.TransferScheduler - Sent transfer 5abd2eec-85da-4ee5-a39d-3f284c27b0cc
2026-03-13 15:05:36 [scheduling-1] INFO  b.p.scheduler.TransferScheduler - Sent transfer c35644a4-381b-4723-a2d1-ce5eab1a6943
2026-03-13 15:05:36 [scheduling-1] INFO  b.p.scheduler.TransferScheduler - Sent transfer 29f09946-a8d1-4fa3-bc64-73d511cdf1d1
2026-03-13 15:05:36 [scheduling-1] INFO  b.p.scheduler.TransferScheduler - Sent transfer 1ffd76d1-8252-49f0-847d-a484f40899c1
2026-03-13 15:05:36 [scheduling-1] INFO  b.p.scheduler.TransferScheduler - Sent transfer 7c8132e0-1f9a-40dc-82a2-c1c2614530ee
2026-03-13 15:05:37 [scheduling-1] INFO  b.p.scheduler.TransferScheduler - Sent transfer 142d078a-d19b-4cba-910c-1bfb7f877bd5
2026-03-13 15:05:37 [scheduling-1] INFO  b.p.scheduler.TransferScheduler - Sent transfer ae38f5f9-41fd-4cf9-b5c7-542150cec53c
2026-03-13 15:05:37 [scheduling-1] INFO  b.p.scheduler.TransferScheduler - Sent transfer 7b71d48c-1d46-4bc8-b857-2d7873d8790b
2026-03-13 15:05:37 [scheduling-1] INFO  b.p.scheduler.TransferScheduler - Sent transfer d6dde14a-9afa-4562-a15b-32dba393874d
2026-03-13 15:05:37 [scheduling-1] INFO  b.p.scheduler.TransferScheduler - Sent transfer 2f62cb38-ea16-439b-9e1e-62d53f33ed75
2026-03-13 15:05:38 [scheduling-1] INFO  b.p.scheduler.TransferScheduler - Sent transfer 12ccca4e-aca7-4ce4-a1a6-53ffdfb1befd
2026-03-13 15:05:38 [scheduling-1] INFO  b.p.scheduler.TransferScheduler - Sent transfer 23c4719a-3f36-48a3-b517-7dd28455db78
2026-03-13 15:05:38 [scheduling-1] INFO  b.p.scheduler.TransferScheduler - Sent transfer 9ff5a48b-c475-4705-8098-9853def6f6cc
2026-03-13 15:05:38 [scheduling-1] INFO  b.p.scheduler.TransferScheduler - Sent transfer 2776b178-4277-4e71-ac36-d1878e863b81
2026-03-13 15:05:38 [scheduling-1] INFO  b.p.scheduler.TransferScheduler - Sent transfer 32497c02-ca38-45bf-b7cb-ab116266e620
2026-03-13 15:05:39 [scheduling-1] INFO  b.p.scheduler.TransferScheduler - Sent transfer 7a825dd0-ed98-4238-861b-4e5ebf6f7b80
2026-03-13 15:05:39 [scheduling-1] INFO  b.p.scheduler.TransferScheduler - Sent transfer 60fb5259-271b-4a1a-8458-170db2932857
2026-03-13 15:05:39 [scheduling-1] INFO  b.p.scheduler.TransferScheduler - Sent transfer 7dd28d4b-f268-4d32-b4cf-f2554b790e95
2026-03-13 15:05:39 [scheduling-1] INFO  b.p.scheduler.TransferScheduler - Sent transfer 6b2edad4-3470-4bfb-b111-152e3b8c05a1
2026-03-13 15:05:39 [scheduling-1] INFO  b.p.scheduler.TransferScheduler - Sent transfer 9cbaf7d3-0a6d-43c3-a4a5-515e7953a6be
2026-03-13 15:05:40 [scheduling-1] INFO  b.p.scheduler.TransferScheduler - Sent transfer 1e57a725-48b5-454e-a648-69fafdf2d92d
2026-03-13 15:05:40 [scheduling-1] INFO  b.p.scheduler.TransferScheduler - Sent transfer 06717cf1-e25c-495c-8829-c02a0bf3b4dc
2026-03-13 15:05:40 [scheduling-1] INFO  b.p.scheduler.TransferScheduler - Sent transfer 1fcbc4eb-1d13-45cd-8f1e-e81836917c52
2026-03-13 15:05:40 [scheduling-1] INFO  b.p.scheduler.TransferScheduler - Sent transfer 6c4ea7ff-626c-43ae-b4e8-c010d2b35469
2026-03-13 15:05:40 [scheduling-1] INFO  b.p.scheduler.TransferScheduler - Sent transfer 4f2e93cb-df52-4b28-9227-f7d242f07395
2026-03-13 15:05:41 [scheduling-1] INFO  b.p.scheduler.TransferScheduler - Sent transfer 6b384754-4c20-4451-b42b-5d6d4eb9b712
2026-03-13 15:05:41 [scheduling-1] INFO  b.p.scheduler.TransferScheduler - Sent transfer ee3ba9c8-e917-4cdd-9f24-86092c71f4a8
2026-03-13 15:05:41 [scheduling-1] INFO  b.p.scheduler.TransferScheduler - Sent transfer fdf81830-2829-42e7-acf9-f760aef06e95
2026-03-13 15:05:41 [scheduling-1] INFO  b.p.scheduler.TransferScheduler - Sent transfer 22c9beae-5b0a-47ca-a2d0-1299aa53464b
2026-03-13 15:05:41 [scheduling-1] INFO  b.p.scheduler.TransferScheduler - Sent transfer d16d804a-64c6-435f-8826-a0f8929b1fe7
2026-03-13 15:05:42 [scheduling-1] INFO  b.p.scheduler.TransferScheduler - Sent transfer edc93e8e-94fb-40ab-b5a1-5b935b0047fa
2026-03-13 15:05:42 [scheduling-1] INFO  b.p.scheduler.TransferScheduler - Sent transfer 4443029f-65c0-406c-827b-bf37565abbef
2026-03-13 15:05:42 [scheduling-1] INFO  b.p.scheduler.TransferScheduler - Sent transfer 71872781-daf7-4899-9db8-3fb181a3bfd0
2026-03-13 15:05:42 [scheduling-1] INFO  b.p.scheduler.TransferScheduler - Sent transfer 7a59c4de-cb40-4bf1-81fc-d25ace8a2cd8
2026-03-13 15:05:43 [scheduling-1] INFO  b.p.scheduler.TransferScheduler - Sent transfer 132a2651-32b1-4c22-b6e8-59872692fdde
2026-03-13 15:05:43 [scheduling-1] INFO  b.p.scheduler.TransferScheduler - Sent transfer ce07f2ce-fa2f-492f-ae0a-4305eaf06a5f
2026-03-13 15:05:43 [scheduling-1] INFO  b.p.scheduler.TransferScheduler - Sent transfer c883e337-3eff-4b92-a473-d8e8682aa9d5
2026-03-13 15:05:43 [scheduling-1] INFO  b.p.scheduler.TransferScheduler - Sent transfer 6bb6ea34-8a8a-4cba-afd2-48fa792f511b
2026-03-13 15:05:43 [scheduling-1] INFO  b.p.scheduler.TransferScheduler - Sent transfer 5c36ac0b-7b82-4f0c-9a79-be642526521b
2026-03-13 15:05:44 [scheduling-1] INFO  b.p.scheduler.TransferScheduler - Sent transfer 4b59ff9a-45a3-4c41-b055-519fcae40c8f
2026-03-13 15:05:44 [scheduling-1] INFO  b.p.scheduler.TransferScheduler - Sent transfer d4e3b973-9085-4c7b-98d4-fbc801c72ba3
2026-03-13 15:05:44 [scheduling-1] INFO  b.p.scheduler.TransferScheduler - Sent transfer b0dde5ba-34db-4891-a83e-b274f02131ef
2026-03-13 15:05:44 [scheduling-1] INFO  b.p.scheduler.TransferScheduler - Sent transfer aeb8b36c-4447-4c1b-8361-9084a8a84925
2026-03-13 15:05:44 [scheduling-1] INFO  b.p.scheduler.TransferScheduler - Sent transfer da67c82a-567f-42d8-ba6d-61d2c2924961
2026-03-13 15:05:45 [scheduling-1] INFO  b.p.scheduler.TransferScheduler - Sent transfer a263a64f-6374-421a-904d-510f5abbc739
2026-03-13 15:05:45 [scheduling-1] INFO  b.p.scheduler.TransferScheduler - Sent transfer c7b8a4f4-b547-42c8-993a-5775272691ab
2026-03-13 15:05:45 [scheduling-1] INFO  b.p.scheduler.TransferScheduler - Sent transfer ac68bb11-90fc-4107-8fb6-48469b968b9b
2026-03-13 15:05:45 [scheduling-1] INFO  b.p.scheduler.TransferScheduler - Sent transfer 667089d8-3c93-4d83-9177-8b41589b5fef
2026-03-13 15:05:45 [scheduling-1] INFO  b.p.scheduler.TransferScheduler - Sent transfer 8c844933-a1d0-4b2e-ba82-5042397201c8
2026-03-13 15:05:46 [scheduling-1] INFO  b.p.scheduler.TransferScheduler - Sent transfer 9d0f9737-f742-4c0d-af35-8c0d8d8816f6
2026-03-13 15:05:46 [scheduling-1] INFO  b.p.scheduler.TransferScheduler - Sent transfer 31e5e911-b42f-4eb7-a5ab-8bf4a4783dea
2026-03-13 15:05:46 [scheduling-1] INFO  b.p.scheduler.TransferScheduler - Sent transfer 9a1739a7-3a49-4127-a028-a48bae4def69
2026-03-13 15:05:46 [scheduling-1] INFO  b.p.scheduler.TransferScheduler - Sent transfer f21a9f80-8d16-4e51-9dad-044ddd38cff6
2026-03-13 15:05:46 [scheduling-1] INFO  b.p.scheduler.TransferScheduler - Sent transfer ced5f776-6111-4241-a77b-e866115b0a1a
2026-03-13 15:05:47 [scheduling-1] INFO  b.p.scheduler.TransferScheduler - Sent transfer 730b1c31-224b-43e9-b277-3848696bceb8
2026-03-13 15:05:47 [scheduling-1] INFO  b.p.scheduler.TransferScheduler - Sent transfer 0122d100-875c-4b37-b5db-96e9484e24f2
2026-03-13 15:05:47 [scheduling-1] INFO  b.p.scheduler.TransferScheduler - Sent transfer 3c2cb95b-d188-4be8-9322-390276915ae3
2026-03-13 15:05:47 [scheduling-1] INFO  b.p.scheduler.TransferScheduler - Sent transfer 753a4fa5-d3ff-4da4-a969-228a753f07ed
2026-03-13 15:05:47 [scheduling-1] INFO  b.p.scheduler.TransferScheduler - Sent transfer 926f5682-b478-4012-94d8-9ebd85f53769
2026-03-13 15:05:48 [scheduling-1] INFO  b.p.scheduler.TransferScheduler - Sent transfer 15d75060-6059-4c9c-bd54-900988878e6b
2026-03-13 15:05:48 [scheduling-1] INFO  b.p.scheduler.TransferScheduler - Sent transfer d8b7b98c-424c-49d2-bc83-7e3763c242bd
2026-03-13 15:05:48 [scheduling-1] INFO  b.p.scheduler.TransferScheduler - Sent transfer e2066189-d820-45d8-8b4e-23192eac8285
2026-03-13 15:05:48 [scheduling-1] INFO  b.p.scheduler.TransferScheduler - Sent transfer 60bf7820-bccb-461a-9a3a-a8b7725640e7
2026-03-13 15:05:48 [scheduling-1] INFO  b.p.scheduler.TransferScheduler - Sent transfer 8ffb7dd9-1df3-48be-9360-edb8ff76aee8
2026-03-13 15:05:49 [scheduling-1] INFO  b.p.scheduler.TransferScheduler - Sent transfer ced0a6aa-e901-4fbc-a831-985a2946c329
2026-03-13 15:05:49 [scheduling-1] INFO  b.p.scheduler.TransferScheduler - Sent transfer 93dffa8a-11b7-4b3b-bae8-f27467d51bde
2026-03-13 15:05:49 [scheduling-1] INFO  b.p.scheduler.TransferScheduler - Sent transfer e5d5af4c-f68c-430d-88f4-8276983ee131
2026-03-13 15:05:49 [scheduling-1] INFO  b.p.scheduler.TransferScheduler - Sent transfer 98004589-057d-40e4-bed5-fd9661aef20a
2026-03-13 15:05:49 [scheduling-1] INFO  b.p.scheduler.TransferScheduler - Sent transfer c3bbc707-5b03-4025-b3c8-1739e929b022
2026-03-13 15:05:50 [scheduling-1] INFO  b.p.scheduler.TransferScheduler - Sent transfer 88a622b5-269b-4cf3-992e-ece700f1eda3
2026-03-13 15:05:50 [scheduling-1] INFO  b.p.scheduler.TransferScheduler - Sent transfer a9bc906c-5a72-45b2-9875-68462fa90b24
2026-03-13 15:05:50 [scheduling-1] INFO  b.p.scheduler.TransferScheduler - Sent transfer 609dd845-b00a-4063-9f11-aa3993176827
2026-03-13 15:05:50 [scheduling-1] INFO  b.p.scheduler.TransferScheduler - Sent transfer 60ea5bd9-520d-4214-8bb1-93fa38f8d99e
2026-03-13 15:05:50 [scheduling-1] INFO  b.p.scheduler.TransferScheduler - Sent transfer bc201d9c-ee6d-43bf-a196-16604d5ecb8b
2026-03-13 15:05:51 [scheduling-1] INFO  b.p.scheduler.TransferScheduler - Sent transfer 2b83ce5d-e315-4e30-9542-be06b46f38d5
2026-03-13 15:05:51 [scheduling-1] INFO  b.p.scheduler.TransferScheduler - Sent transfer 935ddeb9-c8eb-4a99-8e95-4782a456842b
2026-03-13 15:05:51 [scheduling-1] INFO  b.p.scheduler.TransferScheduler - Sent transfer 77bb1989-30bf-4498-bd45-1bad574cfe06
2026-03-13 15:05:51 [scheduling-1] INFO  b.p.scheduler.TransferScheduler - Sent transfer 532dc855-7dea-408b-a97c-69631f8c77d5
2026-03-13 15:05:51 [scheduling-1] INFO  b.p.scheduler.TransferScheduler - Sent transfer 0b73de8b-1443-47fe-a16c-2a8f1cd6024b
2026-03-13 15:05:52 [scheduling-1] INFO  b.p.scheduler.TransferScheduler - Sent transfer 7b08407f-0f0e-44c5-8587-13952655ad77
2026-03-13 15:05:52 [scheduling-1] INFO  b.p.scheduler.TransferScheduler - Sent transfer 6070a769-9474-455d-a2b4-3605966208ff
2026-03-13 15:05:52 [scheduling-1] INFO  b.p.scheduler.TransferScheduler - Sent transfer 4b9c9916-746d-464a-bd29-ac874350154f
2026-03-13 15:05:52 [scheduling-1] INFO  b.p.scheduler.TransferScheduler - Sent transfer f72b44d9-1deb-4256-a3f7-84026ff2ea0c
2026-03-13 15:05:52 [scheduling-1] INFO  b.p.scheduler.TransferScheduler - Sent transfer 1398e4f6-8283-4255-885e-d801ae3d133d
2026-03-13 15:05:53 [scheduling-1] INFO  b.p.scheduler.TransferScheduler - Sent transfer 4d2cb8e6-b831-4c35-a542-3ada323da98d
2026-03-13 15:05:53 [scheduling-1] INFO  b.p.scheduler.TransferScheduler - Sent transfer f173c708-828e-4d61-bc33-f14bde29fd3e
2026-03-13 15:05:53 [scheduling-1] INFO  b.p.scheduler.TransferScheduler - Sent transfer 6161ff5c-6086-4920-b626-6ecb0b74a5f3
2026-03-13 15:05:53 [scheduling-1] INFO  b.p.scheduler.TransferScheduler - Sent transfer f218df23-c81e-402f-be12-94250b68544e
2026-03-13 15:05:53 [scheduling-1] INFO  b.p.scheduler.TransferScheduler - Sent transfer 93cb91b5-f5f8-48d0-8f89-ebf48d7d114f
2026-03-13 15:05:54 [scheduling-1] INFO  b.p.scheduler.TransferScheduler - Sent transfer cd588fbb-da66-4c7c-be8a-08d2052f4ec5
2026-03-13 15:05:54 [scheduling-1] INFO  b.p.scheduler.TransferScheduler - Sent transfer dcde60aa-e475-4b9c-9385-fe4e9228f18c
2026-03-13 15:05:54 [scheduling-1] INFO  b.p.scheduler.TransferScheduler - Sent transfer 571d4f34-5178-4565-a836-f21db72dbecd
2026-03-13 15:05:54 [scheduling-1] INFO  b.p.scheduler.TransferScheduler - Sent transfer cc951d0c-a471-407d-968a-211658f8e518
2026-03-13 15:05:54 [scheduling-1] INFO  b.p.scheduler.TransferScheduler - Sent transfer 3d59f39c-4e84-4cb1-8543-0001e1f7dc1f
2026-03-13 15:05:55 [scheduling-1] INFO  b.p.scheduler.TransferScheduler - Sent transfer 5c29092e-8137-427c-b360-b69bdaeb08a7
2026-03-13 15:05:55 [scheduling-1] INFO  b.p.scheduler.TransferScheduler - Sent transfer 3226eaa5-a68e-4dd5-b2d4-63119a9e1f95
2026-03-13 15:05:55 [scheduling-1] INFO  b.p.scheduler.TransferScheduler - Sent transfer f0342e16-cbb7-4650-89e0-687418083163
2026-03-13 15:05:55 [scheduling-1] INFO  b.p.scheduler.TransferScheduler - Sent transfer 66b82a88-b4e1-4c9f-980c-7e62cb0b2a95
2026-03-13 15:05:55 [scheduling-1] INFO  b.p.scheduler.TransferScheduler - Sent transfer 54896306-6970-47f5-8b32-24fa7c7b7d1f
2026-03-13 15:05:56 [scheduling-1] INFO  b.p.scheduler.TransferScheduler - Sent transfer a22bec5e-ce1f-4831-bfbd-62c7486f61c9
2026-03-13 15:05:56 [scheduling-1] INFO  b.p.scheduler.TransferScheduler - Sent transfer c400ba54-f029-40ee-bd55-76ef1c000667
2026-03-13 15:05:56 [scheduling-1] INFO  b.p.scheduler.TransferScheduler - Sent transfer c1bf6278-5c8d-490b-8d05-cc8c901e447d
2026-03-13 15:05:56 [scheduling-1] INFO  b.p.scheduler.TransferScheduler - Sent transfer 60bb9b5e-0a3c-4d0d-9ded-c0ad4cc67f71
2026-03-13 15:05:56 [scheduling-1] INFO  b.p.scheduler.TransferScheduler - Sent transfer bcd075e2-98c4-405e-b002-bd2b0a032dcf
2026-03-13 15:05:57 [scheduling-1] INFO  b.p.scheduler.TransferScheduler - Sent transfer da9f5728-0b92-457b-85ef-ad61bde81d1f
2026-03-13 15:05:57 [scheduling-1] INFO  b.p.scheduler.TransferScheduler - Sent transfer 2750a773-d104-4747-b09a-84ed8eb3db44
2026-03-13 15:05:57 [scheduling-1] INFO  b.p.scheduler.TransferScheduler - Sent transfer 90ee50db-06e0-435c-9de9-19517eee4551
2026-03-13 15:05:57 [scheduling-1] INFO  b.p.scheduler.TransferScheduler - Sent transfer 248ef1d7-98cb-41e4-9809-ee10749923a4
2026-03-13 15:05:57 [scheduling-1] INFO  b.p.scheduler.TransferScheduler - Sent transfer 0d5acef1-8d6b-454f-baca-27622e0daa06
2026-03-13 15:05:58 [scheduling-1] INFO  b.p.scheduler.TransferScheduler - Sent transfer 41a4e6a7-a30b-4c27-98ca-981bcea156bf
2026-03-13 15:05:58 [scheduling-1] INFO  b.p.scheduler.TransferScheduler - Sent transfer d48b628c-984b-4eb7-add7-f2e08a6a1648
2026-03-13 15:05:58 [scheduling-1] INFO  b.p.scheduler.TransferScheduler - Sent transfer 47ce1393-0f1d-4e39-8055-e0cf12a8177e
2026-03-13 15:05:58 [scheduling-1] INFO  b.p.scheduler.TransferScheduler - Sent transfer 19e82255-f776-4cb7-b79f-1d779057dcfd
2026-03-13 15:05:58 [scheduling-1] INFO  b.p.scheduler.TransferScheduler - Sent transfer 8c06d63f-981f-4733-ae9e-f2cecc9688ce
2026-03-13 15:05:59 [scheduling-1] INFO  b.p.scheduler.TransferScheduler - Sent transfer 906f192b-3d90-4bf1-8c56-3117b93f6b22
2026-03-13 15:05:59 [scheduling-1] INFO  b.p.scheduler.TransferScheduler - Sent transfer dff998eb-f2f8-44cb-ae98-610a81119a84
2026-03-13 15:05:59 [scheduling-1] INFO  b.p.scheduler.TransferScheduler - Sent transfer ad0e496d-4a96-457a-8209-e4dd323dae56
2026-03-13 15:05:59 [scheduling-1] INFO  b.p.scheduler.TransferScheduler - Sent transfer c2b2263c-b62b-4e8e-a63f-978033c79e6e
2026-03-13 15:05:59 [scheduling-1] INFO  b.p.scheduler.TransferScheduler - Sent transfer e4e0e631-6ece-49c9-b692-fc5f31cc3059
2026-03-13 15:06:00 [scheduling-1] INFO  b.p.scheduler.TransferScheduler - Sent transfer 1417ff84-b436-4598-a88e-16796020f54b
2026-03-13 15:06:00 [scheduling-1] INFO  b.p.scheduler.TransferScheduler - Sent transfer 6a5a6f1c-c2b0-4dfa-8f3e-538f0034203f
2026-03-13 15:06:00 [scheduling-1] INFO  b.p.scheduler.TransferScheduler - Sent transfer f80a68af-66ba-41d2-beea-8390e72c05e1
2026-03-13 15:06:00 [scheduling-1] INFO  b.p.scheduler.TransferScheduler - Sent transfer 6b868cec-267f-46da-9a5d-d16d981f7957
2026-03-13 15:06:00 [scheduling-1] INFO  b.p.scheduler.TransferScheduler - Sent transfer 29ab2e0e-a36e-4ad5-aa6a-536aa68936d1
2026-03-13 15:06:01 [scheduling-1] INFO  b.p.scheduler.TransferScheduler - Sent transfer 63d3b44a-aaf1-428d-822d-c66423d45be3
2026-03-13 15:06:01 [scheduling-1] INFO  b.p.scheduler.TransferScheduler - Sent transfer bfb54c9f-aa7c-4e62-9836-740aa7344f07
2026-03-13 15:06:01 [scheduling-1] INFO  b.p.scheduler.TransferScheduler - Sent transfer d5ac89da-e7ca-41ad-90b3-fd38c736aa17
2026-03-13 15:06:01 [scheduling-1] INFO  b.p.scheduler.TransferScheduler - Sent transfer 8dcc5d38-fa60-4b04-b978-3ef41d151059
2026-03-13 15:06:01 [scheduling-1] INFO  b.p.scheduler.TransferScheduler - Sent transfer aa0a1f15-46ed-41c8-be01-9843671d8581
2026-03-13 15:06:02 [scheduling-1] INFO  b.p.scheduler.TransferScheduler - Sent transfer 69a9297f-1af5-447d-87dd-8e6d3afe5051
2026-03-13 15:06:02 [scheduling-1] INFO  b.p.scheduler.TransferScheduler - Sent transfer ec673e1e-4485-4321-b00d-b9e75c961990
2026-03-13 15:06:02 [scheduling-1] INFO  b.p.scheduler.TransferScheduler - Sent transfer b6ed1743-a4d9-4532-8850-fa7caf91ed14
2026-03-13 15:06:02 [scheduling-1] INFO  b.p.scheduler.TransferScheduler - Sent transfer 951009bd-bd2b-4faf-8f26-59c77eeb51e6
2026-03-13 15:06:02 [scheduling-1] INFO  b.p.scheduler.TransferScheduler - Sent transfer ad9b4ebb-d21d-46f7-9aaf-4e002930def0
2026-03-13 15:06:03 [scheduling-1] INFO  b.p.scheduler.TransferScheduler - Sent transfer 371787fe-826e-45bd-bf7c-e5d738c96805
2026-03-13 15:06:03 [scheduling-1] INFO  b.p.scheduler.TransferScheduler - Sent transfer 98c7e840-b45a-44c8-a671-7dc6bb536085
2026-03-13 15:06:03 [scheduling-1] INFO  b.p.scheduler.TransferScheduler - Sent transfer 138f9905-5772-47f2-a279-f8967a94697a
2026-03-13 15:06:03 [scheduling-1] INFO  b.p.scheduler.TransferScheduler - Sent transfer 77f23b44-c749-4d53-911b-c669568e25f7
2026-03-13 15:06:03 [scheduling-1] INFO  b.p.scheduler.TransferScheduler - Sent transfer b940f1ad-25c7-4a21-9302-3128d76809ad
2026-03-13 15:06:04 [scheduling-1] INFO  b.p.scheduler.TransferScheduler - Sent transfer 05ba207e-2980-424f-99e8-8aa7c1955acc
2026-03-13 15:06:04 [scheduling-1] INFO  b.p.scheduler.TransferScheduler - Sent transfer e6651773-bf29-49bc-93f4-0c3225392696
2026-03-13 15:06:04 [scheduling-1] INFO  b.p.scheduler.TransferScheduler - Sent transfer e90f919c-e0ec-4f88-ab2c-221edf4c40bc
2026-03-13 15:06:04 [scheduling-1] INFO  b.p.scheduler.TransferScheduler - Sent transfer 256d9af5-a280-4462-bff4-b2aede72e7f8
2026-03-13 15:06:04 [scheduling-1] INFO  b.p.scheduler.TransferScheduler - Sent transfer 4daa19db-4a9b-416e-9452-f5ea6feb1361
2026-03-13 15:06:05 [scheduling-1] INFO  b.p.scheduler.TransferScheduler - Sent transfer d33ebacd-0ef7-4aed-82d1-6c0808f557fc
2026-03-13 15:06:05 [scheduling-1] INFO  b.p.scheduler.TransferScheduler - Sent transfer 0b42d9ef-2645-4f1d-bc5a-456a4dfd28cc
2026-03-13 15:06:05 [scheduling-1] INFO  b.p.scheduler.TransferScheduler - Sent transfer 9b40e031-51aa-4a8e-91bb-23bd42b5c1f4
2026-03-13 15:06:05 [scheduling-1] INFO  b.p.scheduler.TransferScheduler - Sent transfer 42bc3c7a-1608-4c97-802e-4c18753f2b7f
2026-03-13 15:06:05 [scheduling-1] INFO  b.p.scheduler.TransferScheduler - Sent transfer 856c192f-4384-46c4-b94b-e202f363e5c2
2026-03-13 15:06:06 [scheduling-1] INFO  b.p.scheduler.TransferScheduler - Sent transfer e6659e08-cba1-4dff-8043-abd0ab0ec36b
2026-03-13 15:06:06 [scheduling-1] INFO  b.p.scheduler.TransferScheduler - Sent transfer e44b0889-19b1-4bc8-a182-a86824101d6f
2026-03-13 15:06:06 [scheduling-1] INFO  b.p.scheduler.TransferScheduler - Sent transfer 328ba297-d228-4272-85c7-ddad85d95831
2026-03-13 15:06:06 [scheduling-1] INFO  b.p.scheduler.TransferScheduler - Sent transfer b3e1a5cb-d298-4237-8def-560b6d432a4a
2026-03-13 15:06:07 [scheduling-1] INFO  b.p.scheduler.TransferScheduler - Sent transfer 99f56935-899f-4a50-bb5b-2d693338b2c1
2026-03-13 15:06:07 [scheduling-1] INFO  b.p.scheduler.TransferScheduler - Sent transfer 6cf8c8ba-43e5-4246-a41c-f23412b018aa
2026-03-13 15:06:07 [scheduling-1] INFO  b.p.scheduler.TransferScheduler - Sent transfer c138a1d0-d194-4869-89b8-39bf50fd4ffe
2026-03-13 15:06:07 [scheduling-1] INFO  b.p.scheduler.TransferScheduler - Sent transfer 6f25a936-85b8-4f49-9871-89bfae519ead
2026-03-13 15:06:07 [scheduling-1] INFO  b.p.scheduler.TransferScheduler - Sent transfer c651ec7e-3e4c-4987-9d0b-9e25ea57d98d
2026-03-13 15:06:08 [scheduling-1] INFO  b.p.scheduler.TransferScheduler - Sent transfer 2a54ae45-6aa5-4f77-9f1e-6ec45a59f798
2026-03-13 15:06:08 [scheduling-1] INFO  b.p.scheduler.TransferScheduler - Sent transfer c885e00c-ab11-4d7f-b63d-11369e07df86
2026-03-13 15:06:08 [scheduling-1] INFO  b.p.scheduler.TransferScheduler - Sent transfer b0706859-b96b-4096-82d8-ffeba5e34145
2026-03-13 15:06:08 [scheduling-1] INFO  b.p.scheduler.TransferScheduler - Sent transfer fcf8eab3-6ce3-4ddd-a994-26ccf95ec622
2026-03-13 15:06:08 [scheduling-1] INFO  b.p.scheduler.TransferScheduler - Sent transfer e756b464-c2b2-4566-8890-c7c9fa7b90b3
2026-03-13 15:06:09 [scheduling-1] INFO  b.p.scheduler.TransferScheduler - Sent transfer 335433f5-3f14-43de-9942-da5b75449034
2026-03-13 15:06:09 [scheduling-1] INFO  b.p.scheduler.TransferScheduler - Sent transfer 441d9834-f6fb-4e8f-be0f-b7e9647d7c3b
2026-03-13 15:06:09 [scheduling-1] INFO  b.p.scheduler.TransferScheduler - Sent transfer 80cf3139-c362-4abf-bce7-f54fbe47a205
2026-03-13 15:06:09 [scheduling-1] INFO  b.p.scheduler.TransferScheduler - Sent transfer 0118bb79-ff08-4152-84f7-250bd3a05134
2026-03-13 15:06:09 [scheduling-1] INFO  b.p.scheduler.TransferScheduler - Sent transfer ada81513-fe34-41bb-82b4-c70cbe5c31b2
2026-03-13 15:06:10 [scheduling-1] INFO  b.p.scheduler.TransferScheduler - Sent transfer f2ea2603-09cd-45f9-8731-3864d324d1ff
2026-03-13 15:06:10 [scheduling-1] INFO  b.p.scheduler.TransferScheduler - Sent transfer 92f45ed8-c8c9-4e8a-af00-4009c6c8d159
2026-03-13 15:06:10 [scheduling-1] INFO  b.p.scheduler.TransferScheduler - Sent transfer 981e9025-e4f1-4827-9088-e9140c20113f
2026-03-13 15:06:10 [scheduling-1] INFO  b.p.scheduler.TransferScheduler - Sent transfer 17ad4526-f6aa-4e87-96bd-b9d68183f95e
2026-03-13 15:06:10 [scheduling-1] INFO  b.p.scheduler.TransferScheduler - Sent transfer 07cbb7ee-7d12-4998-b98b-73d3514e46b5
2026-03-13 15:06:11 [scheduling-1] INFO  b.p.scheduler.TransferScheduler - Sent transfer 74307dab-f925-494e-8885-0a75d6a459cb
2026-03-13 15:06:11 [scheduling-1] INFO  b.p.scheduler.TransferScheduler - Sent transfer 6fbef9d6-aecb-4a18-8b77-3506d7dc0f3c
2026-03-13 15:06:11 [scheduling-1] INFO  b.p.scheduler.TransferScheduler - Sent transfer b44d3edf-4873-4858-837e-42dcfa549ab0
2026-03-13 15:06:11 [scheduling-1] INFO  b.p.scheduler.TransferScheduler - Sent transfer bf68bbcd-2c2d-4747-9b68-fee3ba75b754
2026-03-13 15:06:11 [scheduling-1] INFO  b.p.scheduler.TransferScheduler - Sent transfer 00a3816f-417a-4542-98bd-bc065e413881
2026-03-13 15:06:12 [scheduling-1] INFO  b.p.scheduler.TransferScheduler - Sent transfer 22244427-e68f-4a7e-8ff3-b276313096bc
2026-03-13 15:06:12 [scheduling-1] INFO  b.p.scheduler.TransferScheduler - Sent transfer dc58a365-2893-4b4e-a708-62e7f47d7bf8
2026-03-13 15:06:12 [scheduling-1] INFO  b.p.scheduler.TransferScheduler - Sent transfer 45f4d72d-6d8b-4cfe-8fc6-0603c8feedcc
2026-03-13 15:06:12 [scheduling-1] INFO  b.p.scheduler.TransferScheduler - Sent transfer a8de9ff2-bcc0-4400-af14-c148625fbddc
2026-03-13 15:06:12 [scheduling-1] INFO  b.p.scheduler.TransferScheduler - Sent transfer 55e1671d-40ab-4187-864c-51a065a6df9c
2026-03-13 15:06:13 [scheduling-1] INFO  b.p.scheduler.TransferScheduler - Sent transfer 7270f89d-f8bf-4abc-8cc8-4de6a447bc9e
2026-03-13 15:06:13 [scheduling-1] INFO  b.p.scheduler.TransferScheduler - Sent transfer e8d86bdf-ee6e-49b7-a38b-e3d0ebb9cbcb
2026-03-13 15:06:13 [scheduling-1] INFO  b.p.scheduler.TransferScheduler - Sent transfer 651f4c25-16e7-4381-b199-890c134dd8a3
2026-03-13 15:06:13 [scheduling-1] INFO  b.p.scheduler.TransferScheduler - Sent transfer ceba14e7-c284-4eec-967e-9ecf2c3a5bea
2026-03-13 15:06:13 [scheduling-1] INFO  b.p.scheduler.TransferScheduler - Sent transfer 39a0c6dc-04c9-47d1-a45f-dd4876442206
2026-03-13 15:06:14 [scheduling-1] INFO  b.p.scheduler.TransferScheduler - Sent transfer e49bd8b3-07b5-41d0-bae1-c48b799c3d9d
2026-03-13 15:06:14 [scheduling-1] INFO  b.p.scheduler.TransferScheduler - Sent transfer c084cf86-05b6-4681-bc8f-e83b5ca92ce6
2026-03-13 15:06:14 [scheduling-1] INFO  b.p.scheduler.TransferScheduler - Sent transfer 426531dc-985b-4911-93df-681b3a4b8d11
2026-03-13 15:06:14 [scheduling-1] INFO  b.p.scheduler.TransferScheduler - Sent transfer 4f1adb65-4735-4313-8c24-e7350e511e9e
2026-03-13 15:06:14 [scheduling-1] INFO  b.p.scheduler.TransferScheduler - Sent transfer e4a59729-167c-436e-91f1-f6342cc7ba18
2026-03-13 15:06:15 [scheduling-1] INFO  b.p.scheduler.TransferScheduler - Sent transfer ae6c3758-6a1c-41ac-8622-961d79dd6eba
2026-03-13 15:06:15 [scheduling-1] INFO  b.p.scheduler.TransferScheduler - Sent transfer a2339162-3dae-4266-8445-3c6a2e874217
2026-03-13 15:06:15 [scheduling-1] INFO  b.p.scheduler.TransferScheduler - Sent transfer 3fbd1c15-9181-4861-bc25-330e6a5fbaff
2026-03-13 15:06:15 [scheduling-1] INFO  b.p.scheduler.TransferScheduler - Sent transfer 4d163ad1-46fc-4312-9d36-c67000221ec2
2026-03-13 15:06:15 [scheduling-1] INFO  b.p.scheduler.TransferScheduler - Sent transfer bb1c0be5-dd0b-4f0e-a471-0a4ffab79832
2026-03-13 15:06:16 [scheduling-1] INFO  b.p.scheduler.TransferScheduler - Sent transfer 1a3bcdd2-d5f0-405a-8470-267a9284cff9
2026-03-13 15:06:16 [scheduling-1] INFO  b.p.scheduler.TransferScheduler - Sent transfer 81017a06-9c5d-48ff-830b-ba0e43478578
2026-03-13 15:06:16 [scheduling-1] INFO  b.p.scheduler.TransferScheduler - Sent transfer 537ed883-7445-4b51-892d-217fa3f7088b
2026-03-13 15:06:16 [scheduling-1] INFO  b.p.scheduler.TransferScheduler - Sent transfer 0145415c-d05d-4500-bec0-ba2e8f09bd33
2026-03-13 15:06:16 [scheduling-1] INFO  b.p.scheduler.TransferScheduler - Sent transfer 067ccfab-8b2a-4576-b07d-7fba3de8e320
2026-03-13 15:06:17 [scheduling-1] INFO  b.p.scheduler.TransferScheduler - Sent transfer e97cb463-6065-4d21-8649-c515cf9c6573
2026-03-13 15:06:17 [scheduling-1] INFO  b.p.scheduler.TransferScheduler - Sent transfer 104f3e84-09e2-4ace-bc62-dd12c44f5d0e
2026-03-13 15:06:17 [scheduling-1] INFO  b.p.scheduler.TransferScheduler - Sent transfer a1836784-80f3-445a-9fa4-ccf8cc417cd9
2026-03-13 15:06:17 [scheduling-1] INFO  b.p.scheduler.TransferScheduler - Sent transfer 2299599d-c462-4848-ba0f-0ffb2f698522
2026-03-13 15:06:17 [scheduling-1] INFO  b.p.scheduler.TransferScheduler - Sent transfer 83b7dd45-fdd9-49c4-910b-ff97a37c356d
2026-03-13 15:06:18 [scheduling-1] INFO  b.p.scheduler.TransferScheduler - Sent transfer df66df25-4992-400d-8657-0fe6b166aac9
2026-03-13 15:06:18 [scheduling-1] INFO  b.p.scheduler.TransferScheduler - Sent transfer 83e1bc45-958c-4fb3-b0be-f832efb00377
2026-03-13 15:06:18 [scheduling-1] INFO  b.p.scheduler.TransferScheduler - Sent transfer 2bc17f72-404b-40f4-9ebd-8ea22b97772d
2026-03-13 15:06:18 [scheduling-1] INFO  b.p.scheduler.TransferScheduler - Sent transfer a6a312f5-9a4d-4af9-b3f7-937fa8fd05cc
2026-03-13 15:06:18 [scheduling-1] INFO  b.p.scheduler.TransferScheduler - Sent transfer 33aedde6-027e-4e1f-a53a-787690443d6f
2026-03-13 15:06:19 [scheduling-1] INFO  b.p.scheduler.TransferScheduler - Sent transfer c10e35f8-fb36-45a1-9c52-2162f14663f9
2026-03-13 15:06:19 [scheduling-1] INFO  b.p.scheduler.TransferScheduler - Sent transfer df60ff1d-7e81-4c44-98fe-ab9e0a35268e
2026-03-13 15:06:19 [scheduling-1] INFO  b.p.scheduler.TransferScheduler - Sent transfer c1d8f0fa-6456-480f-8e60-18f1979ddf9a
2026-03-13 15:06:19 [scheduling-1] INFO  b.p.scheduler.TransferScheduler - Sent transfer 2362aa06-902b-440a-bac5-0efc848e62ed
2026-03-13 15:06:19 [scheduling-1] INFO  b.p.scheduler.TransferScheduler - Sent transfer dd05fb9d-9f8b-4fd0-a5dd-78d2eb5cd666
2026-03-13 15:06:20 [scheduling-1] INFO  b.p.scheduler.TransferScheduler - Sent transfer 5e84052d-3294-436c-9e5e-23cbe89f0382
2026-03-13 15:06:20 [scheduling-1] INFO  b.p.scheduler.TransferScheduler - Sent transfer 07261e4c-998f-4d86-afb8-ee9e0ac1f44e
2026-03-13 15:06:20 [scheduling-1] INFO  b.p.scheduler.TransferScheduler - Sent transfer fd42e6c7-0f22-426c-badd-e5d09c38e904
2026-03-13 15:06:20 [scheduling-1] INFO  b.p.scheduler.TransferScheduler - Sent transfer 5aea0819-c983-449b-9264-96cdabcea6cf
2026-03-13 15:06:20 [scheduling-1] INFO  b.p.scheduler.TransferScheduler - Sent transfer ff93a178-4304-405e-9515-72f5c369991b
2026-03-13 15:06:21 [scheduling-1] INFO  b.p.scheduler.TransferScheduler - Sent transfer dd2a5bdb-368d-4b6f-a0aa-fd5a58703e54
2026-03-13 15:06:21 [scheduling-1] INFO  b.p.scheduler.TransferScheduler - Sent transfer 1d0d7480-820f-41bc-8d79-154ff8dc976a
2026-03-13 15:06:21 [scheduling-1] INFO  b.p.scheduler.TransferScheduler - Sent transfer ce1a3d07-6b59-42f3-b0e7-5d6013a1a6f8
2026-03-13 15:06:21 [scheduling-1] INFO  b.p.scheduler.TransferScheduler - Sent transfer 7e4f5ef6-dd33-4116-a44b-9aad478b4521
2026-03-13 15:06:21 [scheduling-1] INFO  b.p.scheduler.TransferScheduler - Sent transfer 58d02f41-d742-4a7c-9b40-03b3e2370b85
2026-03-13 15:06:22 [scheduling-1] INFO  b.p.scheduler.TransferScheduler - Sent transfer b700dc23-5ac2-4b50-b931-b6f550c1c378
2026-03-13 15:06:22 [scheduling-1] INFO  b.p.scheduler.TransferScheduler - Sent transfer 9172bae1-730d-4118-b231-575ce1c9ec09
2026-03-13 15:06:22 [scheduling-1] INFO  b.p.scheduler.TransferScheduler - Sent transfer 70a62f95-d6d9-495a-a825-898a1fbf53ef
2026-03-13 15:06:22 [scheduling-1] INFO  b.p.scheduler.TransferScheduler - Sent transfer d085d6ca-a047-4621-bfe3-edebb5803554
2026-03-13 15:06:22 [scheduling-1] INFO  b.p.scheduler.TransferScheduler - Sent transfer 3f173104-b1d1-4e96-b148-c96cd4928f33
2026-03-13 15:06:23 [scheduling-1] INFO  b.p.scheduler.TransferScheduler - Sent transfer c3a4e5fe-7cfa-46b6-8326-834edbc6552a
2026-03-13 15:06:23 [scheduling-1] INFO  b.p.scheduler.TransferScheduler - Sent transfer 948e10d2-cc31-4a3b-b6fd-c2b3d4feb6c8
2026-03-13 15:06:23 [scheduling-1] INFO  b.p.scheduler.TransferScheduler - Sent transfer 3da520e6-282c-4bbe-943e-2048642fbc95
2026-03-13 15:06:23 [scheduling-1] INFO  b.p.scheduler.TransferScheduler - Sent transfer 0dd03258-aa1f-45ca-84e5-d6aaf7985b17
2026-03-13 15:06:23 [scheduling-1] INFO  b.p.scheduler.TransferScheduler - Sent transfer 9eb696a0-cdce-42a4-b35f-9535b676082f
2026-03-13 15:06:24 [scheduling-1] INFO  b.p.scheduler.TransferScheduler - Sent transfer c28d7109-975a-49b0-8f3a-9ee9bdbf6db7
2026-03-13 15:06:24 [scheduling-1] INFO  b.p.scheduler.TransferScheduler - Sent transfer b3b80dab-a102-40a5-b2e1-a0e1d5acb3ab
2026-03-13 15:06:24 [scheduling-1] INFO  b.p.scheduler.TransferScheduler - Sent transfer 2fe1677f-0c2f-4631-8c25-3ea7d0c84fbb
2026-03-13 15:06:24 [scheduling-1] INFO  b.p.scheduler.TransferScheduler - Sent transfer 231723da-a35d-4eb5-b76e-1c2138658bd0
2026-03-13 15:06:24 [scheduling-1] INFO  b.p.scheduler.TransferScheduler - Sent transfer eb0252a7-a6cc-4b15-81e7-1b569c631554
2026-03-13 15:06:25 [scheduling-1] INFO  b.p.scheduler.TransferScheduler - Sent transfer 9c47771e-c233-4eb3-8634-c7bb94c39203
2026-03-13 15:06:25 [scheduling-1] INFO  b.p.scheduler.TransferScheduler - Sent transfer 3f2a55b5-5aa0-4378-aa80-faf6a970cc87
2026-03-13 15:06:25 [scheduling-1] INFO  b.p.scheduler.TransferScheduler - Sent transfer 8aea2c55-ada5-47d6-a0dd-6835a6622208
2026-03-13 15:06:25 [scheduling-1] INFO  b.p.scheduler.TransferScheduler - Sent transfer f3c3459c-9b57-482a-99f5-4c5d9dade028
2026-03-13 15:06:25 [scheduling-1] INFO  b.p.scheduler.TransferScheduler - Sent transfer 8920be71-7041-4d89-adbc-ba0f764cfa1a
2026-03-13 15:06:26 [scheduling-1] INFO  b.p.scheduler.TransferScheduler - Sent transfer 9f9cdf8f-b9ea-4b5b-bdc8-d597fdf83a96
2026-03-13 15:06:26 [scheduling-1] INFO  b.p.scheduler.TransferScheduler - Sent transfer ff642fbb-5fe5-4891-b019-06d3250e4a3f
2026-03-13 15:06:26 [scheduling-1] INFO  b.p.scheduler.TransferScheduler - Sent transfer 8e8fbf63-845b-44c7-aa98-3da00bbd40d3
2026-03-13 15:06:26 [scheduling-1] INFO  b.p.scheduler.TransferScheduler - Sent transfer cb54389d-ec3d-472e-9188-57c5bef1a852
2026-03-13 15:06:26 [scheduling-1] INFO  b.p.scheduler.TransferScheduler - Sent transfer 43bee53a-f044-4f77-b824-8d2bb4a9aeb3
2026-03-13 15:06:27 [scheduling-1] INFO  b.p.scheduler.TransferScheduler - Sent transfer c5b129a4-70d2-42e8-9c23-000b8bb4ce25
2026-03-13 15:06:27 [scheduling-1] INFO  b.p.scheduler.TransferScheduler - Sent transfer a5b52dba-447d-4ee9-8b1b-f07f0b6405ec
2026-03-13 15:06:27 [scheduling-1] INFO  b.p.scheduler.TransferScheduler - Sent transfer ff65db2c-fb8c-4fc6-a5f9-28b0d352f34d
2026-03-13 15:06:27 [scheduling-1] INFO  b.p.scheduler.TransferScheduler - Sent transfer 54845e2e-c44d-4c8e-beed-f2158c5e25be
2026-03-13 15:06:27 [scheduling-1] INFO  b.p.scheduler.TransferScheduler - Sent transfer a4266197-4c1e-4b4f-bcd7-31150d65dbf6
2026-03-13 15:06:28 [scheduling-1] INFO  b.p.scheduler.TransferScheduler - Sent transfer 60513359-d721-4b41-8f88-9b2808af22f8
2026-03-13 15:06:28 [scheduling-1] INFO  b.p.scheduler.TransferScheduler - Sent transfer bbaa64a3-a0fa-44f8-8863-8783f789ab4c
2026-03-13 15:06:28 [scheduling-1] INFO  b.p.scheduler.TransferScheduler - Sent transfer 01447b45-c22c-41a4-935b-60905e5287b1
2026-03-13 15:06:28 [scheduling-1] INFO  b.p.scheduler.TransferScheduler - Sent transfer 1ac20b5c-ba3e-4713-a304-c7c6a00e1e01
2026-03-13 15:06:28 [scheduling-1] INFO  b.p.scheduler.TransferScheduler - Sent transfer de5d7379-1ef1-4eb4-925f-8809cd62c306
2026-03-13 15:06:29 [scheduling-1] INFO  b.p.scheduler.TransferScheduler - Sent transfer 3627e91b-00c4-4392-9fe3-ebfffac04ec8
2026-03-13 15:06:29 [scheduling-1] INFO  b.p.scheduler.TransferScheduler - Sent transfer c0a3bc8e-cd36-48d8-9214-8e65d027a395
2026-03-13 15:06:29 [scheduling-1] INFO  b.p.scheduler.TransferScheduler - Sent transfer 8cb17e0d-9e08-4a26-97f7-6e2678739bbf
2026-03-13 15:06:29 [scheduling-1] INFO  b.p.scheduler.TransferScheduler - Sent transfer 992ccebb-3559-4ab0-bdb5-eb769aaa2942
2026-03-13 15:06:29 [SpringApplicationShutdownHook] INFO  o.a.k.clients.producer.KafkaProducer - [Producer clientId=producer-1] Closing the Kafka producer with timeoutMillis = 30000 ms.
2026-03-13 15:06:29 [SpringApplicationShutdownHook] INFO  o.a.kafka.common.metrics.Metrics - Metrics scheduler closed
2026-03-13 15:06:29 [SpringApplicationShutdownHook] INFO  o.a.kafka.common.metrics.Metrics - Closing reporter org.apache.kafka.common.metrics.JmxReporter
2026-03-13 15:06:29 [SpringApplicationShutdownHook] INFO  o.a.kafka.common.metrics.Metrics - Closing reporter org.apache.kafka.common.telemetry.internals.ClientTelemetryReporter
2026-03-13 15:06:29 [SpringApplicationShutdownHook] INFO  o.a.kafka.common.metrics.Metrics - Metrics reporters closed
2026-03-13 15:06:29 [SpringApplicationShutdownHook] INFO  o.a.kafka.common.utils.AppInfoParser - App info kafka.producer for producer-1 unregistered
2026-03-13 15:06:29 [SpringApplicationShutdownHook] INFO  o.s.o.j.LocalContainerEntityManagerFactoryBean - Closing JPA EntityManagerFactory for persistence unit 'default'
2026-03-13 15:06:29 [SpringApplicationShutdownHook] INFO  com.zaxxer.hikari.HikariDataSource - HikariPool-1 - Shutdown initiated...
2026-03-13 15:06:29 [SpringApplicationShutdownHook] INFO  com.zaxxer.hikari.HikariDataSource - HikariPool-1 - Shutdown completed.
2026-03-13 15:07:35 [main] INFO  bank.producer.Producer - Starting Producer v1.0.0 using Java 17.0.18 with PID 1 (/app.jar started by root in /)
2026-03-13 15:07:35 [main] INFO  bank.producer.Producer - The following 1 profile is active: "docker"
2026-03-13 15:07:37 [main] INFO  o.s.d.r.c.RepositoryConfigurationDelegate - Bootstrapping Spring Data JPA repositories in DEFAULT mode.
2026-03-13 15:07:37 [main] INFO  o.s.d.r.c.RepositoryConfigurationDelegate - Finished Spring Data repository scanning in 90 ms. Found 1 JPA repository interface.
2026-03-13 15:07:39 [main] INFO  o.s.b.w.e.tomcat.TomcatWebServer - Tomcat initialized with port 8080 (http)
2026-03-13 15:07:39 [main] INFO  o.a.coyote.http11.Http11NioProtocol - Initializing ProtocolHandler ["http-nio-8080"]
2026-03-13 15:07:39 [main] INFO  o.a.catalina.core.StandardService - Starting service [Tomcat]
2026-03-13 15:07:39 [main] INFO  o.a.catalina.core.StandardEngine - Starting Servlet engine: [Apache Tomcat/10.1.26]
2026-03-13 15:07:39 [main] INFO  o.a.c.c.C.[Tomcat].[localhost].[/] - Initializing Spring embedded WebApplicationContext
2026-03-13 15:07:39 [main] INFO  o.s.b.w.s.c.ServletWebServerApplicationContext - Root WebApplicationContext: initialization completed in 3634 ms
2026-03-13 15:07:40 [main] INFO  o.h.jpa.internal.util.LogHelper - HHH000204: Processing PersistenceUnitInfo [name: default]
2026-03-13 15:07:40 [main] INFO  org.hibernate.Version - HHH000412: Hibernate ORM core version 6.5.2.Final
2026-03-13 15:07:40 [main] INFO  o.h.c.i.RegionFactoryInitiator - HHH000026: Second-level cache disabled
2026-03-13 15:07:42 [main] INFO  o.s.o.j.p.SpringPersistenceUnitInfo - No LoadTimeWeaver setup: ignoring JPA class transformer
2026-03-13 15:07:42 [main] INFO  com.zaxxer.hikari.HikariDataSource - HikariPool-1 - Starting...
2026-03-13 15:07:43 [main] INFO  com.zaxxer.hikari.pool.HikariPool - HikariPool-1 - Added connection org.postgresql.jdbc.PgConnection@6dece1f9
2026-03-13 15:07:43 [main] INFO  com.zaxxer.hikari.HikariDataSource - HikariPool-1 - Start completed.
2026-03-13 15:07:45 [main] INFO  o.h.e.t.j.p.i.JtaPlatformInitiator - HHH000489: No JTA platform available (set 'hibernate.transaction.jta.platform' to enable JTA platform integration)
2026-03-13 15:07:46 [main] INFO  o.s.o.j.LocalContainerEntityManagerFactoryBean - Initialized JPA EntityManagerFactory for persistence unit 'default'
2026-03-13 15:07:47 [main] INFO  b.producer.service.AccountService - Loading accounts from DB...
2026-03-13 15:07:47 [main] INFO  b.producer.service.AccountService - Accounts loaded: 1000
2026-03-13 15:07:47 [main] WARN  o.s.b.a.o.j.JpaBaseConfiguration$JpaWebConfiguration - spring.jpa.open-in-view is enabled by default. Therefore, database queries may be performed during view rendering. Explicitly configure spring.jpa.open-in-view to disable this warning
2026-03-13 15:07:47 [main] INFO  o.a.coyote.http11.Http11NioProtocol - Starting ProtocolHandler ["http-nio-8080"]
2026-03-13 15:07:47 [main] INFO  o.s.b.w.e.tomcat.TomcatWebServer - Tomcat started on port 8080 (http) with context path '/'
2026-03-13 15:07:48 [main] INFO  bank.producer.Producer - Started Producer in 15.281 seconds (process running for 16.792)
2026-03-13 15:07:48 [scheduling-1] INFO  o.a.k.c.producer.ProducerConfig - ProducerConfig values: 
	acks = -1
	auto.include.jmx.reporter = true
	batch.size = 16384
	bootstrap.servers = [kafka1:9092, kafka2:9093, kafka3:9094]
	buffer.memory = 33554432
	client.dns.lookup = use_all_dns_ips
	client.id = producer-1
	compression.type = none
	connections.max.idle.ms = 540000
	delivery.timeout.ms = 120000
	enable.idempotence = true
	enable.metrics.push = true
	interceptor.classes = []
	key.serializer = class org.apache.kafka.common.serialization.StringSerializer
	linger.ms = 0
	max.block.ms = 60000
	max.in.flight.requests.per.connection = 5
	max.request.size = 1048576
	metadata.max.age.ms = 300000
	metadata.max.idle.ms = 300000
	metric.reporters = []
	metrics.num.samples = 2
	metrics.recording.level = INFO
	metrics.sample.window.ms = 30000
	partitioner.adaptive.partitioning.enable = true
	partitioner.availability.timeout.ms = 0
	partitioner.class = null
	partitioner.ignore.keys = false
	receive.buffer.bytes = 32768
	reconnect.backoff.max.ms = 1000
	reconnect.backoff.ms = 50
	request.timeout.ms = 30000
	retries = 3
	retry.backoff.max.ms = 1000
	retry.backoff.ms = 100
	sasl.client.callback.handler.class = null
	sasl.jaas.config = null
	sasl.kerberos.kinit.cmd = /usr/bin/kinit
	sasl.kerberos.min.time.before.relogin = 60000
	sasl.kerberos.service.name = null
	sasl.kerberos.ticket.renew.jitter = 0.05
	sasl.kerberos.ticket.renew.window.factor = 0.8
	sasl.login.callback.handler.class = null
	sasl.login.class = null
	sasl.login.connect.timeout.ms = null
	sasl.login.read.timeout.ms = null
	sasl.login.refresh.buffer.seconds = 300
	sasl.login.refresh.min.period.seconds = 60
	sasl.login.refresh.window.factor = 0.8
	sasl.login.refresh.window.jitter = 0.05
	sasl.login.retry.backoff.max.ms = 10000
	sasl.login.retry.backoff.ms = 100
	sasl.mechanism = GSSAPI
	sasl.oauthbearer.clock.skew.seconds = 30
	sasl.oauthbearer.expected.audience = null
	sasl.oauthbearer.expected.issuer = null
	sasl.oauthbearer.jwks.endpoint.refresh.ms = 3600000
	sasl.oauthbearer.jwks.endpoint.retry.backoff.max.ms = 10000
	sasl.oauthbearer.jwks.endpoint.retry.backoff.ms = 100
	sasl.oauthbearer.jwks.endpoint.url = null
	sasl.oauthbearer.scope.claim.name = scope
	sasl.oauthbearer.sub.claim.name = sub
	sasl.oauthbearer.token.endpoint.url = null
	security.protocol = PLAINTEXT
	security.providers = null
	send.buffer.bytes = 131072
	socket.connection.setup.timeout.max.ms = 30000
	socket.connection.setup.timeout.ms = 10000
	ssl.cipher.suites = null
	ssl.enabled.protocols = [TLSv1.2, TLSv1.3]
	ssl.endpoint.identification.algorithm = https
	ssl.engine.factory.class = null
	ssl.key.password = null
	ssl.keymanager.algorithm = SunX509
	ssl.keystore.certificate.chain = null
	ssl.keystore.key = null
	ssl.keystore.location = null
	ssl.keystore.password = null
	ssl.keystore.type = JKS
	ssl.protocol = TLSv1.3
	ssl.provider = null
	ssl.secure.random.implementation = null
	ssl.trustmanager.algorithm = PKIX
	ssl.truststore.certificates = null
	ssl.truststore.location = null
	ssl.truststore.password = null
	ssl.truststore.type = JKS
	transaction.timeout.ms = 60000
	transactional.id = null
	value.serializer = class org.springframework.kafka.support.serializer.JsonSerializer

2026-03-13 15:07:48 [scheduling-1] INFO  o.a.k.c.t.i.KafkaMetricsCollector - initializing Kafka metrics collector
2026-03-13 15:07:48 [scheduling-1] INFO  o.a.k.clients.producer.KafkaProducer - [Producer clientId=producer-1] Instantiated an idempotent producer.
2026-03-13 15:07:48 [scheduling-1] INFO  o.a.kafka.common.utils.AppInfoParser - Kafka version: 3.7.1
2026-03-13 15:07:48 [scheduling-1] INFO  o.a.kafka.common.utils.AppInfoParser - Kafka commitId: e2494e6ffb89f828
2026-03-13 15:07:48 [scheduling-1] INFO  o.a.kafka.common.utils.AppInfoParser - Kafka startTimeMs: 1773414468489
2026-03-13 15:07:49 [kafka-producer-network-thread | producer-1] INFO  org.apache.kafka.clients.Metadata - [Producer clientId=producer-1] Cluster ID: Eg1UJsNQRhWMBPmvyGJqig
2026-03-13 15:07:49 [kafka-producer-network-thread | producer-1] INFO  o.a.k.c.p.i.TransactionManager - [Producer clientId=producer-1] ProducerId set to 0 with epoch 0
2026-03-13 15:07:49 [scheduling-1] INFO  b.p.scheduler.TransferScheduler - Sent transfer 6654f975-cc95-493d-995c-1ef8e7ab5985
2026-03-13 15:07:49 [scheduling-1] INFO  b.p.scheduler.TransferScheduler - Sent transfer 95d236b1-ad1c-453b-ab88-b67a0307ee54
2026-03-13 15:07:49 [scheduling-1] INFO  b.p.scheduler.TransferScheduler - Sent transfer 0b12eea6-6440-470b-bf84-ee55ad1a088b
2026-03-13 15:07:49 [scheduling-1] INFO  b.p.scheduler.TransferScheduler - Sent transfer e02f06e8-1bd4-4e1f-a508-3f5b632d50da
2026-03-13 15:07:50 [scheduling-1] INFO  b.p.scheduler.TransferScheduler - Sent transfer bc604a81-98e0-4454-8fc6-ca012271a0a3
2026-03-13 15:07:50 [scheduling-1] INFO  b.p.scheduler.TransferScheduler - Sent transfer bb65c0a9-cf24-4016-ba36-2374b11f1c37
2026-03-13 15:07:50 [scheduling-1] INFO  b.p.scheduler.TransferScheduler - Sent transfer fe718d44-9f0e-47e7-ba26-964595e57ff6
2026-03-13 15:07:50 [scheduling-1] INFO  b.p.scheduler.TransferScheduler - Sent transfer 877007ea-bc18-4a21-80f5-90dfe067185c
2026-03-13 15:07:50 [scheduling-1] INFO  b.p.scheduler.TransferScheduler - Sent transfer 0c93a038-d539-4970-9b68-6e28ccdc9ba9
2026-03-13 15:07:51 [scheduling-1] INFO  b.p.scheduler.TransferScheduler - Sent transfer 6e6713f3-b532-4483-b319-2762ffeb83f8
2026-03-13 15:07:51 [scheduling-1] INFO  b.p.scheduler.TransferScheduler - Sent transfer 92d1c91c-9983-4889-bd6a-7db2ddf0df3e
2026-03-13 15:07:51 [scheduling-1] INFO  b.p.scheduler.TransferScheduler - Sent transfer 6eaa70aa-9d3f-4756-a09e-426a72d4480b
2026-03-13 15:07:51 [scheduling-1] INFO  b.p.scheduler.TransferScheduler - Sent transfer 1c958b1e-ca6a-4a8d-bb43-bb105f3b4b78
2026-03-13 15:07:52 [scheduling-1] INFO  b.p.scheduler.TransferScheduler - Sent transfer ca42adf0-b2b1-4799-a081-1b8f9314cf96
2026-03-13 15:07:52 [scheduling-1] INFO  b.p.scheduler.TransferScheduler - Sent transfer d1e30129-a0e6-4e8f-9f1f-9b8c742d41dc
2026-03-13 15:07:52 [scheduling-1] INFO  b.p.scheduler.TransferScheduler - Sent transfer ab66b070-c240-4cc5-8589-e2a3834fa55c
2026-03-13 15:07:52 [scheduling-1] INFO  b.p.scheduler.TransferScheduler - Sent transfer 2c539ee9-aa6c-4c2b-b126-57381fea2e42
2026-03-13 15:07:52 [scheduling-1] INFO  b.p.scheduler.TransferScheduler - Sent transfer 1dd22d76-3dba-4245-b6b1-dc2ea6efd0f5
2026-03-13 15:07:53 [scheduling-1] INFO  b.p.scheduler.TransferScheduler - Sent transfer 2200aa76-b6f6-41f3-bebc-b78effe1f8fa
2026-03-13 15:07:53 [scheduling-1] INFO  b.p.scheduler.TransferScheduler - Sent transfer c3c422a0-c07d-412f-a58f-ccd90e1c25bd
2026-03-13 15:07:53 [scheduling-1] INFO  b.p.scheduler.TransferScheduler - Sent transfer 1e3955d8-0127-4688-b6a6-068cdb1e8efe
2026-03-13 15:07:53 [scheduling-1] INFO  b.p.scheduler.TransferScheduler - Sent transfer 4d8678d7-1a9c-4cf8-8a59-72b58c4a2f93
2026-03-13 15:07:53 [scheduling-1] INFO  b.p.scheduler.TransferScheduler - Sent transfer 81b6a333-ee57-4870-82b5-870dddb71d01
2026-03-13 15:07:54 [scheduling-1] INFO  b.p.scheduler.TransferScheduler - Sent transfer 6507c313-12e6-4733-a243-2c43a31fe26a
2026-03-13 15:07:54 [scheduling-1] INFO  b.p.scheduler.TransferScheduler - Sent transfer f232a67c-653a-4663-b1dc-4cbc3f6d6331
2026-03-13 15:07:54 [scheduling-1] INFO  b.p.scheduler.TransferScheduler - Sent transfer 602b1fb9-0471-440a-b6f7-ea2740017aab
2026-03-13 15:07:54 [scheduling-1] INFO  b.p.scheduler.TransferScheduler - Sent transfer e387cc19-f762-406a-9eae-f21c77200f07
2026-03-13 15:07:54 [scheduling-1] INFO  b.p.scheduler.TransferScheduler - Sent transfer c362833f-fcac-4fbb-a75f-7759819eaab6
2026-03-13 15:07:55 [scheduling-1] INFO  b.p.scheduler.TransferScheduler - Sent transfer 69d64483-57b5-4d4e-bbd9-028da0b8bb83
2026-03-13 15:07:55 [scheduling-1] INFO  b.p.scheduler.TransferScheduler - Sent transfer 76f68957-302a-4b6d-b3f3-d9bd7672a886
2026-03-13 15:07:55 [scheduling-1] INFO  b.p.scheduler.TransferScheduler - Sent transfer 67c298fa-ea8a-4752-b767-3afbed67464b
2026-03-13 15:07:55 [scheduling-1] INFO  b.p.scheduler.TransferScheduler - Sent transfer f976440e-fe51-4b98-8893-6654d14f9107
2026-03-13 15:07:55 [scheduling-1] INFO  b.p.scheduler.TransferScheduler - Sent transfer ae353b14-f1af-47d7-b4ee-af03e579a3a4
2026-03-13 15:07:56 [scheduling-1] INFO  b.p.scheduler.TransferScheduler - Sent transfer 294453e9-54f0-4909-82fc-f8d865a78273
2026-03-13 15:07:56 [scheduling-1] INFO  b.p.scheduler.TransferScheduler - Sent transfer 52be64e0-6938-4f6a-80af-9af956d7aff0
2026-03-13 15:07:56 [scheduling-1] INFO  b.p.scheduler.TransferScheduler - Sent transfer 7ab4b839-4c63-4a6a-8bcd-4f9ce6d45cf4
2026-03-13 15:07:56 [scheduling-1] INFO  b.p.scheduler.TransferScheduler - Sent transfer 6d1f9e06-73d7-46db-bc0e-dd0dcbd87a4f
2026-03-13 15:07:56 [scheduling-1] INFO  b.p.scheduler.TransferScheduler - Sent transfer b98e4d8e-f227-4742-8aae-11521b8c55fa
2026-03-13 15:07:57 [scheduling-1] INFO  b.p.scheduler.TransferScheduler - Sent transfer 4c924f20-fd9f-4bbf-86aa-45bb9a94b867
2026-03-13 15:07:57 [scheduling-1] INFO  b.p.scheduler.TransferScheduler - Sent transfer 0b0ba36c-e3f1-47f1-a771-64fd711af1ec
2026-03-13 15:07:57 [scheduling-1] INFO  b.p.scheduler.TransferScheduler - Sent transfer 67775df8-2400-4bbc-a6e2-db4ad13b08c3
2026-03-13 15:07:57 [scheduling-1] INFO  b.p.scheduler.TransferScheduler - Sent transfer 0838867e-eaad-477f-8dcf-b34cc4e72688
2026-03-13 15:07:57 [scheduling-1] INFO  b.p.scheduler.TransferScheduler - Sent transfer 8e9a522e-e64e-4d92-8196-9929670ae5b7
2026-03-13 15:07:58 [scheduling-1] INFO  b.p.scheduler.TransferScheduler - Sent transfer f97360fc-2eb6-4ee4-9d6a-58c1b13e69f1
2026-03-13 15:07:58 [scheduling-1] INFO  b.p.scheduler.TransferScheduler - Sent transfer 92559fdb-d774-4427-a73e-bad1da2654a7
2026-03-13 15:07:58 [scheduling-1] INFO  b.p.scheduler.TransferScheduler - Sent transfer 5ccd4286-abc2-4d81-90e7-309abccb0772
2026-03-13 15:07:58 [scheduling-1] INFO  b.p.scheduler.TransferScheduler - Sent transfer 6a4c5e12-e61d-43a6-8c85-3c296f65d44d
2026-03-13 15:07:58 [scheduling-1] INFO  b.p.scheduler.TransferScheduler - Sent transfer bd120149-4ec6-491e-acd6-e399f21f707f
2026-03-13 15:07:59 [scheduling-1] INFO  b.p.scheduler.TransferScheduler - Sent transfer bbb16b6a-3c41-4b06-bfcd-e852d705e892
2026-03-13 15:07:59 [scheduling-1] INFO  b.p.scheduler.TransferScheduler - Sent transfer a22f823a-cf53-4adc-a788-80dc445c6f5a
2026-03-13 15:07:59 [scheduling-1] INFO  b.p.scheduler.TransferScheduler - Sent transfer 26565e34-83ce-42d0-ad16-edfb5d9acb4b
2026-03-13 15:07:59 [scheduling-1] INFO  b.p.scheduler.TransferScheduler - Sent transfer e19a87be-22cd-4fb5-b95a-a8150f4b6e17
2026-03-13 15:07:59 [scheduling-1] INFO  b.p.scheduler.TransferScheduler - Sent transfer cab644df-db9a-4c09-ba97-92e2aba25b82
2026-03-13 15:08:00 [scheduling-1] INFO  b.p.scheduler.TransferScheduler - Sent transfer e62316ff-53f6-4097-bbf1-8b89e3b63727
2026-03-13 15:08:00 [scheduling-1] INFO  b.p.scheduler.TransferScheduler - Sent transfer 683d5d3b-191a-45b0-a253-7851d842677a
2026-03-13 15:08:00 [SpringApplicationShutdownHook] INFO  o.a.k.clients.producer.KafkaProducer - [Producer clientId=producer-1] Closing the Kafka producer with timeoutMillis = 30000 ms.
2026-03-13 15:08:00 [SpringApplicationShutdownHook] INFO  o.a.kafka.common.metrics.Metrics - Metrics scheduler closed
2026-03-13 15:08:00 [SpringApplicationShutdownHook] INFO  o.a.kafka.common.metrics.Metrics - Closing reporter org.apache.kafka.common.metrics.JmxReporter
2026-03-13 15:08:00 [SpringApplicationShutdownHook] INFO  o.a.kafka.common.metrics.Metrics - Closing reporter org.apache.kafka.common.telemetry.internals.ClientTelemetryReporter
2026-03-13 15:08:00 [SpringApplicationShutdownHook] INFO  o.a.kafka.common.metrics.Metrics - Metrics reporters closed
2026-03-13 15:08:00 [SpringApplicationShutdownHook] INFO  o.a.kafka.common.utils.AppInfoParser - App info kafka.producer for producer-1 unregistered
2026-03-13 15:08:00 [SpringApplicationShutdownHook] INFO  o.s.o.j.LocalContainerEntityManagerFactoryBean - Closing JPA EntityManagerFactory for persistence unit 'default'
2026-03-13 15:08:00 [SpringApplicationShutdownHook] INFO  com.zaxxer.hikari.HikariDataSource - HikariPool-1 - Shutdown initiated...
2026-03-13 15:08:00 [SpringApplicationShutdownHook] INFO  com.zaxxer.hikari.HikariDataSource - HikariPool-1 - Shutdown completed.
